[0.039s] Invoking command in '/home/castrolab-agx-orin/Documents/Robotic-Assited_Pruning_of_Forest_Trees/uf_xarm6/ros_ws/build/xarm_moveit_servo': AMENT_PREFIX_PATH=/home/castrolab-agx-orin/Documents/Robotic-Assited_Pruning_of_Forest_Trees/uf_xarm6/ros_ws/install/xarm_moveit_config:/home/castrolab-agx-orin/Documents/Robotic-Assited_Pruning_of_Forest_Trees/uf_xarm6/ros_ws/install/xarm_gazebo:/home/castrolab-agx-orin/Documents/Robotic-Assited_Pruning_of_Forest_Trees/uf_xarm6/ros_ws/install/xarm_controller:/home/castrolab-agx-orin/Documents/Robotic-Assited_Pruning_of_Forest_Trees/uf_xarm6/ros_ws/install/xarm_api:/home/castrolab-agx-orin/Documents/Robotic-Assited_Pruning_of_Forest_Trees/uf_xarm6/ros_ws/install/xarm_sdk:/home/castrolab-agx-orin/Documents/Robotic-Assited_Pruning_of_Forest_Trees/uf_xarm6/ros_ws/install/xarm_msgs:/home/castrolab-agx-orin/Documents/Robotic-Assited_Pruning_of_Forest_Trees/uf_xarm6/ros_ws/install/xarm_description:/home/castrolab-agx-orin/Documents/Robotic-Assited_Pruning_of_Forest_Trees/uf_xarm6/ros_ws/install/uf_ros_lib:${AMENT_PREFIX_PATH} CMAKE_PREFIX_PATH=/home/castrolab-agx-orin/Documents/Robotic-Assited_Pruning_of_Forest_Trees/uf_xarm6/ros_ws/install/xarm_moveit_config:/home/castrolab-agx-orin/Documents/Robotic-Assited_Pruning_of_Forest_Trees/uf_xarm6/ros_ws/install/xarm_gazebo:/home/castrolab-agx-orin/Documents/Robotic-Assited_Pruning_of_Forest_Trees/uf_xarm6/ros_ws/install/xarm_controller:/home/castrolab-agx-orin/Documents/Robotic-Assited_Pruning_of_Forest_Trees/uf_xarm6/ros_ws/install/xarm_api:/home/castrolab-agx-orin/Documents/Robotic-Assited_Pruning_of_Forest_Trees/uf_xarm6/ros_ws/install/xarm_sdk:/home/castrolab-agx-orin/Documents/Robotic-Assited_Pruning_of_Forest_Trees/uf_xarm6/ros_ws/install/xarm_msgs:/home/castrolab-agx-orin/Documents/Robotic-Assited_Pruning_of_Forest_Trees/uf_xarm6/ros_ws/install/xarm_description:/opt/ros/foxy LD_LIBRARY_PATH=/home/castrolab-agx-orin/Documents/Robotic-Assited_Pruning_of_Forest_Trees/uf_xarm6/ros_ws/install/xarm_gazebo/lib:/home/castrolab-agx-orin/Documents/Robotic-Assited_Pruning_of_Forest_Trees/uf_xarm6/ros_ws/install/xarm_controller/lib:/home/castrolab-agx-orin/Documents/Robotic-Assited_Pruning_of_Forest_Trees/uf_xarm6/ros_ws/install/xarm_api/lib:/home/castrolab-agx-orin/Documents/Robotic-Assited_Pruning_of_Forest_Trees/uf_xarm6/ros_ws/install/xarm_sdk/lib:/home/castrolab-agx-orin/Documents/Robotic-Assited_Pruning_of_Forest_Trees/uf_xarm6/ros_ws/install/xarm_msgs/lib:${LD_LIBRARY_PATH} PYTHONPATH=/home/castrolab-agx-orin/Documents/Robotic-Assited_Pruning_of_Forest_Trees/uf_xarm6/ros_ws/install/xarm_msgs/lib/python3.8/site-packages:/home/castrolab-agx-orin/Documents/Robotic-Assited_Pruning_of_Forest_Trees/uf_xarm6/ros_ws/install/uf_ros_lib/lib/python3.8/site-packages:${PYTHONPATH} /usr/bin/cmake /home/castrolab-agx-orin/Documents/Robotic-Assited_Pruning_of_Forest_Trees/uf_xarm6/ros_ws/src/xarm_moveit_servo -DCMAKE_INSTALL_PREFIX=/home/castrolab-agx-orin/Documents/Robotic-Assited_Pruning_of_Forest_Trees/uf_xarm6/ros_ws/install/xarm_moveit_servo
[0.142s] -- The C compiler identification is GNU 9.4.0
[0.236s] -- The CXX compiler identification is GNU 9.4.0
[0.244s] -- Check for working C compiler: /usr/bin/cc
[0.379s] -- Check for working C compiler: /usr/bin/cc -- works
[0.382s] -- Detecting C compiler ABI info
[0.518s] -- Detecting C compiler ABI info - done
[0.544s] -- Detecting C compile features
[0.544s] -- Detecting C compile features - done
[0.549s] -- Check for working CXX compiler: /usr/bin/c++
[0.697s] -- Check for working CXX compiler: /usr/bin/c++ -- works
[0.698s] -- Detecting CXX compiler ABI info
[0.843s] -- Detecting CXX compiler ABI info - done
[0.872s] -- Detecting CXX compile features
[0.873s] -- Detecting CXX compile features - done
[0.879s] -- Found ament_cmake: 0.9.12 (/opt/ros/foxy/share/ament_cmake/cmake)
[0.927s] -- Found PythonInterp: /usr/bin/python3 (found suitable version "3.8.10", minimum required is "3") 
[0.927s] -- Using PYTHON_EXECUTABLE: /usr/bin/python3
[1.318s] -- Found rclcpp: 2.4.3 (/opt/ros/foxy/share/rclcpp/cmake)
[1.401s] -- Using all available rosidl_typesupport_c: rosidl_typesupport_fastrtps_c;rosidl_typesupport_introspection_c
[1.414s] -- Found rosidl_adapter: 1.3.1 (/opt/ros/foxy/share/rosidl_adapter/cmake)
[1.599s] -- Found OpenSSL: /usr/lib/aarch64-linux-gnu/libcrypto.so (found version "1.1.1f")  
[1.654s] -- Found FastRTPS: /opt/ros/foxy/include  
[1.796s] -- Using all available rosidl_typesupport_cpp: rosidl_typesupport_fastrtps_cpp;rosidl_typesupport_introspection_cpp
[1.892s] -- Found rmw_implementation_cmake: 1.0.4 (/opt/ros/foxy/share/rmw_implementation_cmake/cmake)
[1.894s] -- Using RMW implementation 'rmw_fastrtps_cpp' as default
[1.896s] -- Looking for pthread.h
[2.044s] -- Looking for pthread.h - found
[2.044s] -- Performing Test CMAKE_HAVE_LIBC_PTHREAD
[2.201s] -- Performing Test CMAKE_HAVE_LIBC_PTHREAD - Failed
[2.201s] -- Looking for pthread_create in pthreads
[2.343s] -- Looking for pthread_create in pthreads - not found
[2.343s] -- Looking for pthread_create in pthread
[2.494s] -- Looking for pthread_create in pthread - found
[2.497s] -- Found Threads: TRUE  
[2.765s] -- Found rclcpp_components: 2.4.3 (/opt/ros/foxy/share/rclcpp_components/cmake)
[2.866s] -- Found std_srvs: 2.0.5 (/opt/ros/foxy/share/std_srvs/cmake)
[2.884s] -- Found sensor_msgs: 2.0.5 (/opt/ros/foxy/share/sensor_msgs/cmake)
[3.071s] -- Found control_msgs: 2.5.1 (/opt/ros/foxy/share/control_msgs/cmake)
[3.656s] CMake Error at CMakeLists.txt:29 (find_package):
[3.656s]   By not providing "Findmoveit_msgs.cmake" in CMAKE_MODULE_PATH this project
[3.656s]   has asked CMake to find a package configuration file provided by
[3.656s]   "moveit_msgs", but CMake did not find one.
[3.656s] 
[3.656s]   Could not find a package configuration file provided by "moveit_msgs" with
[3.656s]   any of the following names:
[3.656s] 
[3.657s]     moveit_msgsConfig.cmake
[3.657s]     moveit_msgs-config.cmake
[3.657s] 
[3.657s]   Add the installation prefix of "moveit_msgs" to CMAKE_PREFIX_PATH or set
[3.657s]   "moveit_msgs_DIR" to a directory containing one of the above files.  If
[3.657s]   "moveit_msgs" provides a separate development package or SDK, be sure it
[3.657s]   has been installed.
[3.657s] 
[3.657s] 
[3.660s] -- Configuring incomplete, errors occurred!
[3.660s] See also "/home/castrolab-agx-orin/Documents/Robotic-Assited_Pruning_of_Forest_Trees/uf_xarm6/ros_ws/build/xarm_moveit_servo/CMakeFiles/CMakeOutput.log".
[3.660s] See also "/home/castrolab-agx-orin/Documents/Robotic-Assited_Pruning_of_Forest_Trees/uf_xarm6/ros_ws/build/xarm_moveit_servo/CMakeFiles/CMakeError.log".
