[0.039s] Invoking command in '/home/castrolab-agx-orin/Documents/Robotic-Assited_Pruning_of_Forest_Trees/uf_xarm6/ros_ws/build/xarm_gazebo': AMENT_PREFIX_PATH=/home/castrolab-agx-orin/Documents/Robotic-Assited_Pruning_of_Forest_Trees/uf_xarm6/ros_ws/install/xarm_controller:/home/castrolab-agx-orin/Documents/Robotic-Assited_Pruning_of_Forest_Trees/uf_xarm6/ros_ws/install/xarm_api:/home/castrolab-agx-orin/Documents/Robotic-Assited_Pruning_of_Forest_Trees/uf_xarm6/ros_ws/install/xarm_sdk:/home/castrolab-agx-orin/Documents/Robotic-Assited_Pruning_of_Forest_Trees/uf_xarm6/ros_ws/install/xarm_msgs:/home/castrolab-agx-orin/Documents/Robotic-Assited_Pruning_of_Forest_Trees/uf_xarm6/ros_ws/install/xarm_description:/home/castrolab-agx-orin/Documents/Robotic-Assited_Pruning_of_Forest_Trees/uf_xarm6/ros_ws/install/uf_ros_lib:${AMENT_PREFIX_PATH} CMAKE_PREFIX_PATH=/home/castrolab-agx-orin/Documents/Robotic-Assited_Pruning_of_Forest_Trees/uf_xarm6/ros_ws/install/xarm_controller:/home/castrolab-agx-orin/Documents/Robotic-Assited_Pruning_of_Forest_Trees/uf_xarm6/ros_ws/install/xarm_api:/home/castrolab-agx-orin/Documents/Robotic-Assited_Pruning_of_Forest_Trees/uf_xarm6/ros_ws/install/xarm_sdk:/home/castrolab-agx-orin/Documents/Robotic-Assited_Pruning_of_Forest_Trees/uf_xarm6/ros_ws/install/xarm_msgs:/home/castrolab-agx-orin/Documents/Robotic-Assited_Pruning_of_Forest_Trees/uf_xarm6/ros_ws/install/xarm_description:/opt/ros/foxy LD_LIBRARY_PATH=/home/castrolab-agx-orin/Documents/Robotic-Assited_Pruning_of_Forest_Trees/uf_xarm6/ros_ws/install/xarm_controller/lib:/home/castrolab-agx-orin/Documents/Robotic-Assited_Pruning_of_Forest_Trees/uf_xarm6/ros_ws/install/xarm_api/lib:/home/castrolab-agx-orin/Documents/Robotic-Assited_Pruning_of_Forest_Trees/uf_xarm6/ros_ws/install/xarm_sdk/lib:/home/castrolab-agx-orin/Documents/Robotic-Assited_Pruning_of_Forest_Trees/uf_xarm6/ros_ws/install/xarm_msgs/lib:${LD_LIBRARY_PATH} PYTHONPATH=/home/castrolab-agx-orin/Documents/Robotic-Assited_Pruning_of_Forest_Trees/uf_xarm6/ros_ws/install/xarm_msgs/lib/python3.8/site-packages:/home/castrolab-agx-orin/Documents/Robotic-Assited_Pruning_of_Forest_Trees/uf_xarm6/ros_ws/install/uf_ros_lib/lib/python3.8/site-packages:${PYTHONPATH} /usr/bin/cmake /home/castrolab-agx-orin/Documents/Robotic-Assited_Pruning_of_Forest_Trees/uf_xarm6/ros_ws/src/xarm_gazebo -DCMAKE_INSTALL_PREFIX=/home/castrolab-agx-orin/Documents/Robotic-Assited_Pruning_of_Forest_Trees/uf_xarm6/ros_ws/install/xarm_gazebo
[0.144s] -- The C compiler identification is GNU 9.4.0
[0.240s] -- The CXX compiler identification is GNU 9.4.0
[0.248s] -- Check for working C compiler: /usr/bin/cc
[0.384s] -- Check for working C compiler: /usr/bin/cc -- works
[0.386s] -- Detecting C compiler ABI info
[0.526s] -- Detecting C compiler ABI info - done
[0.560s] -- Detecting C compile features
[0.560s] -- Detecting C compile features - done
[0.565s] -- Check for working CXX compiler: /usr/bin/c++
[0.714s] -- Check for working CXX compiler: /usr/bin/c++ -- works
[0.716s] -- Detecting CXX compiler ABI info
[0.878s] -- Detecting CXX compiler ABI info - done
[0.914s] -- Detecting CXX compile features
[0.915s] -- Detecting CXX compile features - done
[0.920s] -- Found ament_cmake: 0.9.12 (/opt/ros/foxy/share/ament_cmake/cmake)
[0.968s] -- Found PythonInterp: /usr/bin/python3 (found suitable version "3.8.10", minimum required is "3") 
[0.969s] -- Using PYTHON_EXECUTABLE: /usr/bin/python3
[1.351s] -- Found rclcpp: 2.4.3 (/opt/ros/foxy/share/rclcpp/cmake)
[1.430s] -- Using all available rosidl_typesupport_c: rosidl_typesupport_fastrtps_c;rosidl_typesupport_introspection_c
[1.443s] -- Found rosidl_adapter: 1.3.1 (/opt/ros/foxy/share/rosidl_adapter/cmake)
[1.620s] -- Found OpenSSL: /usr/lib/aarch64-linux-gnu/libcrypto.so (found version "1.1.1f")  
[1.676s] -- Found FastRTPS: /opt/ros/foxy/include  
[1.814s] -- Using all available rosidl_typesupport_cpp: rosidl_typesupport_fastrtps_cpp;rosidl_typesupport_introspection_cpp
[1.907s] -- Found rmw_implementation_cmake: 1.0.4 (/opt/ros/foxy/share/rmw_implementation_cmake/cmake)
[1.910s] -- Using RMW implementation 'rmw_fastrtps_cpp' as default
[1.911s] -- Looking for pthread.h
[2.051s] -- Looking for pthread.h - found
[2.051s] -- Performing Test CMAKE_HAVE_LIBC_PTHREAD
[2.206s] -- Performing Test CMAKE_HAVE_LIBC_PTHREAD - Failed
[2.207s] -- Looking for pthread_create in pthreads
[2.346s] -- Looking for pthread_create in pthreads - not found
[2.347s] -- Looking for pthread_create in pthread
[2.491s] -- Looking for pthread_create in pthread - found
[2.495s] -- Found Threads: TRUE  
[2.773s] CMake Error at CMakeLists.txt:21 (find_package):
[2.774s]   By not providing "Findcontrol_toolbox.cmake" in CMAKE_MODULE_PATH this
[2.774s]   project has asked CMake to find a package configuration file provided by
[2.774s]   "control_toolbox", but CMake did not find one.
[2.774s] 
[2.774s]   Could not find a package configuration file provided by "control_toolbox"
[2.774s]   with any of the following names:
[2.774s] 
[2.774s]     control_toolboxConfig.cmake
[2.774s]     control_toolbox-config.cmake
[2.775s] 
[2.775s]   Add the installation prefix of "control_toolbox" to CMAKE_PREFIX_PATH or
[2.775s]   set "control_toolbox_DIR" to a directory containing one of the above files.
[2.775s]   If "control_toolbox" provides a separate development package or SDK, be
[2.775s]   sure it has been installed.
[2.775s] 
[2.775s] 
[2.777s] -- Configuring incomplete, errors occurred!
[2.777s] See also "/home/castrolab-agx-orin/Documents/Robotic-Assited_Pruning_of_Forest_Trees/uf_xarm6/ros_ws/build/xarm_gazebo/CMakeFiles/CMakeOutput.log".
[2.777s] See also "/home/castrolab-agx-orin/Documents/Robotic-Assited_Pruning_of_Forest_Trees/uf_xarm6/ros_ws/build/xarm_gazebo/CMakeFiles/CMakeError.log".
[2.797s] Invoked command in '/home/castrolab-agx-orin/Documents/Robotic-Assited_Pruning_of_Forest_Trees/uf_xarm6/ros_ws/build/xarm_gazebo' returned '1': AMENT_PREFIX_PATH=/home/castrolab-agx-orin/Documents/Robotic-Assited_Pruning_of_Forest_Trees/uf_xarm6/ros_ws/install/xarm_controller:/home/castrolab-agx-orin/Documents/Robotic-Assited_Pruning_of_Forest_Trees/uf_xarm6/ros_ws/install/xarm_api:/home/castrolab-agx-orin/Documents/Robotic-Assited_Pruning_of_Forest_Trees/uf_xarm6/ros_ws/install/xarm_sdk:/home/castrolab-agx-orin/Documents/Robotic-Assited_Pruning_of_Forest_Trees/uf_xarm6/ros_ws/install/xarm_msgs:/home/castrolab-agx-orin/Documents/Robotic-Assited_Pruning_of_Forest_Trees/uf_xarm6/ros_ws/install/xarm_description:/home/castrolab-agx-orin/Documents/Robotic-Assited_Pruning_of_Forest_Trees/uf_xarm6/ros_ws/install/uf_ros_lib:${AMENT_PREFIX_PATH} CMAKE_PREFIX_PATH=/home/castrolab-agx-orin/Documents/Robotic-Assited_Pruning_of_Forest_Trees/uf_xarm6/ros_ws/install/xarm_controller:/home/castrolab-agx-orin/Documents/Robotic-Assited_Pruning_of_Forest_Trees/uf_xarm6/ros_ws/install/xarm_api:/home/castrolab-agx-orin/Documents/Robotic-Assited_Pruning_of_Forest_Trees/uf_xarm6/ros_ws/install/xarm_sdk:/home/castrolab-agx-orin/Documents/Robotic-Assited_Pruning_of_Forest_Trees/uf_xarm6/ros_ws/install/xarm_msgs:/home/castrolab-agx-orin/Documents/Robotic-Assited_Pruning_of_Forest_Trees/uf_xarm6/ros_ws/install/xarm_description:/opt/ros/foxy LD_LIBRARY_PATH=/home/castrolab-agx-orin/Documents/Robotic-Assited_Pruning_of_Forest_Trees/uf_xarm6/ros_ws/install/xarm_controller/lib:/home/castrolab-agx-orin/Documents/Robotic-Assited_Pruning_of_Forest_Trees/uf_xarm6/ros_ws/install/xarm_api/lib:/home/castrolab-agx-orin/Documents/Robotic-Assited_Pruning_of_Forest_Trees/uf_xarm6/ros_ws/install/xarm_sdk/lib:/home/castrolab-agx-orin/Documents/Robotic-Assited_Pruning_of_Forest_Trees/uf_xarm6/ros_ws/install/xarm_msgs/lib:${LD_LIBRARY_PATH} PYTHONPATH=/home/castrolab-agx-orin/Documents/Robotic-Assited_Pruning_of_Forest_Trees/uf_xarm6/ros_ws/install/xarm_msgs/lib/python3.8/site-packages:/home/castrolab-agx-orin/Documents/Robotic-Assited_Pruning_of_Forest_Trees/uf_xarm6/ros_ws/install/uf_ros_lib/lib/python3.8/site-packages:${PYTHONPATH} /usr/bin/cmake /home/castrolab-agx-orin/Documents/Robotic-Assited_Pruning_of_Forest_Trees/uf_xarm6/ros_ws/src/xarm_gazebo -DCMAKE_INSTALL_PREFIX=/home/castrolab-agx-orin/Documents/Robotic-Assited_Pruning_of_Forest_Trees/uf_xarm6/ros_ws/install/xarm_gazebo
