[0.527s] Invoking command in '/home/castrolab-agx-orin/Documents/Robotic-Assited_Pruning_of_Forest_Trees/uf_xarm6/ros_ws/build/mbot_demo': CMAKE_PREFIX_PATH=/opt/ros/foxy /usr/bin/cmake /home/castrolab-agx-orin/Documents/Robotic-Assited_Pruning_of_Forest_Trees/uf_xarm6/ros_ws/src/demo/mbot_demo -DCMAKE_INSTALL_PREFIX=/home/castrolab-agx-orin/Documents/Robotic-Assited_Pruning_of_Forest_Trees/uf_xarm6/ros_ws/install/mbot_demo
[0.638s] -- The C compiler identification is GNU 9.4.0
[0.744s] -- The CXX compiler identification is GNU 9.4.0
[0.752s] -- Check for working C compiler: /usr/bin/cc
[0.894s] -- Check for working C compiler: /usr/bin/cc -- works
[0.895s] -- Detecting C compiler ABI info
[1.035s] -- Detecting C compiler ABI info - done
[1.053s] -- Detecting C compile features
[1.053s] -- Detecting C compile features - done
[1.058s] -- Check for working CXX compiler: /usr/bin/c++
[1.223s] -- Check for working CXX compiler: /usr/bin/c++ -- works
[1.225s] -- Detecting CXX compiler ABI info
[1.397s] -- Detecting CXX compiler ABI info - done
[1.411s] -- Detecting CXX compile features
[1.411s] -- Detecting CXX compile features - done
[1.415s] -- Found ament_cmake: 0.9.12 (/opt/ros/foxy/share/ament_cmake/cmake)
[1.468s] -- Found PythonInterp: /usr/bin/python3 (found suitable version "3.8.10", minimum required is "3") 
[1.468s] -- Using PYTHON_EXECUTABLE: /usr/bin/python3
[1.846s] -- Found ament_lint_auto: 0.9.8 (/opt/ros/foxy/share/ament_lint_auto/cmake)
[1.983s] -- Added test 'copyright' to check source files copyright and LICENSE
[1.988s] -- Added test 'flake8' to check Python code syntax and style conventions
[1.989s] -- Added test 'lint_cmake' to check CMake code style
[1.990s] -- Added test 'pep257' to check Python code against some of the style conventions in PEP 257
[1.994s] -- Added test 'xmllint' to check XML markup files
[1.998s] -- Configuring done
[2.002s] -- Generating done
[2.006s] -- Build files have been written to: /home/castrolab-agx-orin/Documents/Robotic-Assited_Pruning_of_Forest_Trees/uf_xarm6/ros_ws/build/mbot_demo
