[0.074s] Invoking command in '/home/castrolab-agx-orin/Documents/Robotic-Assited_Pruning_of_Forest_Trees/uf_xarm6/ros_ws/build/xarm_msgs': CMAKE_PREFIX_PATH=/opt/ros/foxy /usr/bin/cmake /home/castrolab-agx-orin/Documents/Robotic-Assited_Pruning_of_Forest_Trees/uf_xarm6/ros_ws/src/xarm_msgs -DCMAKE_INSTALL_PREFIX=/home/castrolab-agx-orin/Documents/Robotic-Assited_Pruning_of_Forest_Trees/uf_xarm6/ros_ws/install/xarm_msgs
[0.574s] -- The C compiler identification is GNU 9.4.0
[0.574s] -- The CXX compiler identification is GNU 9.4.0
[0.574s] -- Check for working C compiler: /usr/bin/cc
[0.575s] -- Check for working C compiler: /usr/bin/cc -- works
[0.575s] -- Detecting C compiler ABI info
[0.575s] -- Detecting C compiler ABI info - done
[0.575s] -- Detecting C compile features
[0.575s] -- Detecting C compile features - done
[0.575s] -- Check for working CXX compiler: /usr/bin/c++
[0.706s] -- Check for working CXX compiler: /usr/bin/c++ -- works
[0.708s] -- Detecting CXX compiler ABI info
[0.862s] -- Detecting CXX compiler ABI info - done
[0.882s] -- Detecting CXX compile features
[0.883s] -- Detecting CXX compile features - done
[0.890s] -- Found ament_cmake: 0.9.12 (/opt/ros/foxy/share/ament_cmake/cmake)
[0.942s] -- Found PythonInterp: /usr/bin/python3 (found suitable version "3.8.10", minimum required is "3") 
[0.943s] -- Using PYTHON_EXECUTABLE: /usr/bin/python3
[1.356s] -- Found ament_lint_auto: 0.9.8 (/opt/ros/foxy/share/ament_lint_auto/cmake)
[1.507s] -- Found std_msgs: 2.0.5 (/opt/ros/foxy/share/std_msgs/cmake)
[1.560s] -- Using all available rosidl_typesupport_c: rosidl_typesupport_fastrtps_c;rosidl_typesupport_introspection_c
[1.570s] -- Found rosidl_adapter: 1.3.1 (/opt/ros/foxy/share/rosidl_adapter/cmake)
[1.724s] -- Found OpenSSL: /usr/lib/aarch64-linux-gnu/libcrypto.so (found version "1.1.1f")  
[1.777s] -- Found FastRTPS: /opt/ros/foxy/include  
[1.917s] -- Using all available rosidl_typesupport_cpp: rosidl_typesupport_fastrtps_cpp;rosidl_typesupport_introspection_cpp
[1.996s] -- Found geometry_msgs: 2.0.5 (/opt/ros/foxy/share/geometry_msgs/cmake)
[2.055s] -- Found rosidl_default_generators: 1.0.1 (/opt/ros/foxy/share/rosidl_default_generators/cmake)
[2.125s] -- Found PythonInterp: /usr/bin/python3 (found version "3.8.10") 
[3.131s] -- Found ament_cmake_ros: 0.9.2 (/opt/ros/foxy/share/ament_cmake_ros/cmake)
[3.569s] -- Using all available rosidl_typesupport_c: rosidl_typesupport_fastrtps_c;rosidl_typesupport_introspection_c
[3.770s] -- Using all available rosidl_typesupport_cpp: rosidl_typesupport_fastrtps_cpp;rosidl_typesupport_introspection_cpp
[3.817s] -- Found PythonInterp: /usr/bin/python3 (found suitable version "3.8.10", minimum required is "3.5") 
[3.820s] -- Found python_cmake_module: 0.8.1 (/opt/ros/foxy/share/python_cmake_module/cmake)
[3.868s] -- Found PythonLibs: /usr/lib/aarch64-linux-gnu/libpython3.8.so (found suitable version "3.8.10", minimum required is "3.5") 
[3.868s] -- Using PYTHON_EXECUTABLE: /usr/bin/python3
[3.868s] -- Using PYTHON_INCLUDE_DIRS: /usr/include/python3.8
[3.868s] -- Using PYTHON_LIBRARIES: /usr/lib/aarch64-linux-gnu/libpython3.8.so
[3.908s] -- Found PythonExtra: .so  
[4.061s] -- Added test 'copyright' to check source files copyright and LICENSE
[4.071s] -- Added test 'lint_cmake' to check CMake code style
[4.075s] -- Added test 'xmllint' to check XML markup files
[4.090s] -- Configuring done
[4.399s] -- Generating done
[4.456s] -- Build files have been written to: /home/castrolab-agx-orin/Documents/Robotic-Assited_Pruning_of_Forest_Trees/uf_xarm6/ros_ws/build/xarm_msgs
