[0.532s] Invoking command in '/home/castrolab-agx-orin/Documents/Robotic-Assited_Pruning_of_Forest_Trees/uf_xarm6/ros_ws/build/mbot_demo': CMAKE_PREFIX_PATH=/opt/ros/foxy /usr/bin/cmake --build /home/castrolab-agx-orin/Documents/Robotic-Assited_Pruning_of_Forest_Trees/uf_xarm6/ros_ws/build/mbot_demo -- -j8 -l8
[0.704s] Invoked command in '/home/castrolab-agx-orin/Documents/Robotic-Assited_Pruning_of_Forest_Trees/uf_xarm6/ros_ws/build/mbot_demo' returned '0': CMAKE_PREFIX_PATH=/opt/ros/foxy /usr/bin/cmake --build /home/castrolab-agx-orin/Documents/Robotic-Assited_Pruning_of_Forest_Trees/uf_xarm6/ros_ws/build/mbot_demo -- -j8 -l8
[0.705s] Invoking command in '/home/castrolab-agx-orin/Documents/Robotic-Assited_Pruning_of_Forest_Trees/uf_xarm6/ros_ws/build/mbot_demo': CMAKE_PREFIX_PATH=/opt/ros/foxy /usr/bin/cmake --install /home/castrolab-agx-orin/Documents/Robotic-Assited_Pruning_of_Forest_Trees/uf_xarm6/ros_ws/build/mbot_demo
[0.714s] -- Install configuration: ""
[0.714s] -- Up-to-date: /home/castrolab-agx-orin/Documents/Robotic-Assited_Pruning_of_Forest_Trees/uf_xarm6/ros_ws/install/mbot_demo/share/mbot_demo//rviz
[0.714s] -- Up-to-date: /home/castrolab-agx-orin/Documents/Robotic-Assited_Pruning_of_Forest_Trees/uf_xarm6/ros_ws/install/mbot_demo/share/mbot_demo//rviz/moveit.rviz
[0.714s] -- Up-to-date: /home/castrolab-agx-orin/Documents/Robotic-Assited_Pruning_of_Forest_Trees/uf_xarm6/ros_ws/install/mbot_demo/share/mbot_demo//urdf
[0.714s] -- Up-to-date: /home/castrolab-agx-orin/Documents/Robotic-Assited_Pruning_of_Forest_Trees/uf_xarm6/ros_ws/install/mbot_demo/share/mbot_demo//urdf/mbot.transmission.xacro
[0.715s] -- Up-to-date: /home/castrolab-agx-orin/Documents/Robotic-Assited_Pruning_of_Forest_Trees/uf_xarm6/ros_ws/install/mbot_demo/share/mbot_demo//urdf/mbot_with_xarm.urdf.xacro
[0.715s] -- Up-to-date: /home/castrolab-agx-orin/Documents/Robotic-Assited_Pruning_of_Forest_Trees/uf_xarm6/ros_ws/install/mbot_demo/share/mbot_demo//urdf/mbot.urdf.xacro
[0.715s] -- Up-to-date: /home/castrolab-agx-orin/Documents/Robotic-Assited_Pruning_of_Forest_Trees/uf_xarm6/ros_ws/install/mbot_demo/share/mbot_demo//urdf/mbot.ros2_control.xacro
[0.715s] -- Up-to-date: /home/castrolab-agx-orin/Documents/Robotic-Assited_Pruning_of_Forest_Trees/uf_xarm6/ros_ws/install/mbot_demo/share/mbot_demo//urdf/mbot.gazebo.xacro
[0.715s] -- Up-to-date: /home/castrolab-agx-orin/Documents/Robotic-Assited_Pruning_of_Forest_Trees/uf_xarm6/ros_ws/install/mbot_demo/share/mbot_demo//urdf/mbot_macro.xacro
[0.715s] -- Up-to-date: /home/castrolab-agx-orin/Documents/Robotic-Assited_Pruning_of_Forest_Trees/uf_xarm6/ros_ws/install/mbot_demo/share/mbot_demo//srdf
[0.715s] -- Up-to-date: /home/castrolab-agx-orin/Documents/Robotic-Assited_Pruning_of_Forest_Trees/uf_xarm6/ros_ws/install/mbot_demo/share/mbot_demo//srdf/mbot_with_xarm.srdf.xacro
[0.715s] -- Up-to-date: /home/castrolab-agx-orin/Documents/Robotic-Assited_Pruning_of_Forest_Trees/uf_xarm6/ros_ws/install/mbot_demo/share/mbot_demo//srdf/mbot_macro.srdf.xacro
[0.715s] -- Up-to-date: /home/castrolab-agx-orin/Documents/Robotic-Assited_Pruning_of_Forest_Trees/uf_xarm6/ros_ws/install/mbot_demo/share/mbot_demo//config
[0.716s] -- Up-to-date: /home/castrolab-agx-orin/Documents/Robotic-Assited_Pruning_of_Forest_Trees/uf_xarm6/ros_ws/install/mbot_demo/share/mbot_demo//config/controllers.yaml
[0.716s] -- Up-to-date: /home/castrolab-agx-orin/Documents/Robotic-Assited_Pruning_of_Forest_Trees/uf_xarm6/ros_ws/install/mbot_demo/share/mbot_demo//config/ompl_planning.yaml
[0.716s] -- Up-to-date: /home/castrolab-agx-orin/Documents/Robotic-Assited_Pruning_of_Forest_Trees/uf_xarm6/ros_ws/install/mbot_demo/share/mbot_demo//config/kinematics.yaml
[0.716s] -- Up-to-date: /home/castrolab-agx-orin/Documents/Robotic-Assited_Pruning_of_Forest_Trees/uf_xarm6/ros_ws/install/mbot_demo/share/mbot_demo//config/joint_limits.yaml
[0.716s] -- Up-to-date: /home/castrolab-agx-orin/Documents/Robotic-Assited_Pruning_of_Forest_Trees/uf_xarm6/ros_ws/install/mbot_demo/share/mbot_demo//config/ros2_controllers.yaml
[0.716s] -- Up-to-date: /home/castrolab-agx-orin/Documents/Robotic-Assited_Pruning_of_Forest_Trees/uf_xarm6/ros_ws/install/mbot_demo/share/mbot_demo//worlds
[0.716s] -- Up-to-date: /home/castrolab-agx-orin/Documents/Robotic-Assited_Pruning_of_Forest_Trees/uf_xarm6/ros_ws/install/mbot_demo/share/mbot_demo//worlds/empty.world
[0.718s] -- Up-to-date: /home/castrolab-agx-orin/Documents/Robotic-Assited_Pruning_of_Forest_Trees/uf_xarm6/ros_ws/install/mbot_demo/share/mbot_demo//launch
[0.718s] -- Up-to-date: /home/castrolab-agx-orin/Documents/Robotic-Assited_Pruning_of_Forest_Trees/uf_xarm6/ros_ws/install/mbot_demo/share/mbot_demo//launch/mbot_moveit_realmove.launch.py
[0.718s] -- Up-to-date: /home/castrolab-agx-orin/Documents/Robotic-Assited_Pruning_of_Forest_Trees/uf_xarm6/ros_ws/install/mbot_demo/share/mbot_demo//launch/mbot_moveit_fake.launch.py
[0.718s] -- Up-to-date: /home/castrolab-agx-orin/Documents/Robotic-Assited_Pruning_of_Forest_Trees/uf_xarm6/ros_ws/install/mbot_demo/share/mbot_demo//launch/mbot_moveit_gazebo.launch.py
[0.719s] -- Up-to-date: /home/castrolab-agx-orin/Documents/Robotic-Assited_Pruning_of_Forest_Trees/uf_xarm6/ros_ws/install/mbot_demo/share/mbot_demo//launch/_robot_on_mbot_gazebo.launch.py
[0.719s] -- Up-to-date: /home/castrolab-agx-orin/Documents/Robotic-Assited_Pruning_of_Forest_Trees/uf_xarm6/ros_ws/install/mbot_demo/share/ament_index/resource_index/package_run_dependencies/mbot_demo
[0.719s] -- Up-to-date: /home/castrolab-agx-orin/Documents/Robotic-Assited_Pruning_of_Forest_Trees/uf_xarm6/ros_ws/install/mbot_demo/share/ament_index/resource_index/parent_prefix_path/mbot_demo
[0.719s] -- Up-to-date: /home/castrolab-agx-orin/Documents/Robotic-Assited_Pruning_of_Forest_Trees/uf_xarm6/ros_ws/install/mbot_demo/share/mbot_demo/environment/ament_prefix_path.sh
[0.719s] -- Up-to-date: /home/castrolab-agx-orin/Documents/Robotic-Assited_Pruning_of_Forest_Trees/uf_xarm6/ros_ws/install/mbot_demo/share/mbot_demo/environment/ament_prefix_path.dsv
[0.720s] -- Up-to-date: /home/castrolab-agx-orin/Documents/Robotic-Assited_Pruning_of_Forest_Trees/uf_xarm6/ros_ws/install/mbot_demo/share/mbot_demo/environment/path.sh
[0.720s] -- Up-to-date: /home/castrolab-agx-orin/Documents/Robotic-Assited_Pruning_of_Forest_Trees/uf_xarm6/ros_ws/install/mbot_demo/share/mbot_demo/environment/path.dsv
[0.720s] -- Up-to-date: /home/castrolab-agx-orin/Documents/Robotic-Assited_Pruning_of_Forest_Trees/uf_xarm6/ros_ws/install/mbot_demo/share/mbot_demo/local_setup.bash
[0.720s] -- Up-to-date: /home/castrolab-agx-orin/Documents/Robotic-Assited_Pruning_of_Forest_Trees/uf_xarm6/ros_ws/install/mbot_demo/share/mbot_demo/local_setup.sh
[0.721s] -- Up-to-date: /home/castrolab-agx-orin/Documents/Robotic-Assited_Pruning_of_Forest_Trees/uf_xarm6/ros_ws/install/mbot_demo/share/mbot_demo/local_setup.zsh
[0.722s] -- Up-to-date: /home/castrolab-agx-orin/Documents/Robotic-Assited_Pruning_of_Forest_Trees/uf_xarm6/ros_ws/install/mbot_demo/share/mbot_demo/local_setup.dsv
[0.722s] -- Installing: /home/castrolab-agx-orin/Documents/Robotic-Assited_Pruning_of_Forest_Trees/uf_xarm6/ros_ws/install/mbot_demo/share/mbot_demo/package.dsv
[0.722s] -- Up-to-date: /home/castrolab-agx-orin/Documents/Robotic-Assited_Pruning_of_Forest_Trees/uf_xarm6/ros_ws/install/mbot_demo/share/ament_index/resource_index/packages/mbot_demo
[0.722s] -- Up-to-date: /home/castrolab-agx-orin/Documents/Robotic-Assited_Pruning_of_Forest_Trees/uf_xarm6/ros_ws/install/mbot_demo/share/mbot_demo/cmake/mbot_demoConfig.cmake
[0.722s] -- Up-to-date: /home/castrolab-agx-orin/Documents/Robotic-Assited_Pruning_of_Forest_Trees/uf_xarm6/ros_ws/install/mbot_demo/share/mbot_demo/cmake/mbot_demoConfig-version.cmake
[0.722s] -- Up-to-date: /home/castrolab-agx-orin/Documents/Robotic-Assited_Pruning_of_Forest_Trees/uf_xarm6/ros_ws/install/mbot_demo/share/mbot_demo/package.xml
[0.772s] Invoked command in '/home/castrolab-agx-orin/Documents/Robotic-Assited_Pruning_of_Forest_Trees/uf_xarm6/ros_ws/build/mbot_demo' returned '0': CMAKE_PREFIX_PATH=/opt/ros/foxy /usr/bin/cmake --install /home/castrolab-agx-orin/Documents/Robotic-Assited_Pruning_of_Forest_Trees/uf_xarm6/ros_ws/build/mbot_demo
