-- Install configuration: ""
-- Installing: /home/castrolab-agx-orin/Documents/Robotic-Assited_Pruning_of_Forest_Trees/uf_xarm6/ros_ws/install/mbot_demo/share/mbot_demo//rviz
-- Installing: /home/castrolab-agx-orin/Documents/Robotic-Assited_Pruning_of_Forest_Trees/uf_xarm6/ros_ws/install/mbot_demo/share/mbot_demo//rviz/moveit.rviz
-- Installing: /home/castrolab-agx-orin/Documents/Robotic-Assited_Pruning_of_Forest_Trees/uf_xarm6/ros_ws/install/mbot_demo/share/mbot_demo//urdf
-- Installing: /home/castrolab-agx-orin/Documents/Robotic-Assited_Pruning_of_Forest_Trees/uf_xarm6/ros_ws/install/mbot_demo/share/mbot_demo//urdf/mbot.transmission.xacro
-- Installing: /home/castrolab-agx-orin/Documents/Robotic-Assited_Pruning_of_Forest_Trees/uf_xarm6/ros_ws/install/mbot_demo/share/mbot_demo//urdf/mbot_with_xarm.urdf.xacro
-- Installing: /home/castrolab-agx-orin/Documents/Robotic-Assited_Pruning_of_Forest_Trees/uf_xarm6/ros_ws/install/mbot_demo/share/mbot_demo//urdf/mbot.urdf.xacro
-- Installing: /home/castrolab-agx-orin/Documents/Robotic-Assited_Pruning_of_Forest_Trees/uf_xarm6/ros_ws/install/mbot_demo/share/mbot_demo//urdf/mbot.ros2_control.xacro
-- Installing: /home/castrolab-agx-orin/Documents/Robotic-Assited_Pruning_of_Forest_Trees/uf_xarm6/ros_ws/install/mbot_demo/share/mbot_demo//urdf/mbot.gazebo.xacro
-- Installing: /home/castrolab-agx-orin/Documents/Robotic-Assited_Pruning_of_Forest_Trees/uf_xarm6/ros_ws/install/mbot_demo/share/mbot_demo//urdf/mbot_macro.xacro
-- Installing: /home/castrolab-agx-orin/Documents/Robotic-Assited_Pruning_of_Forest_Trees/uf_xarm6/ros_ws/install/mbot_demo/share/mbot_demo//srdf
-- Installing: /home/castrolab-agx-orin/Documents/Robotic-Assited_Pruning_of_Forest_Trees/uf_xarm6/ros_ws/install/mbot_demo/share/mbot_demo//srdf/mbot_with_xarm.srdf.xacro
-- Installing: /home/castrolab-agx-orin/Documents/Robotic-Assited_Pruning_of_Forest_Trees/uf_xarm6/ros_ws/install/mbot_demo/share/mbot_demo//srdf/mbot_macro.srdf.xacro
-- Installing: /home/castrolab-agx-orin/Documents/Robotic-Assited_Pruning_of_Forest_Trees/uf_xarm6/ros_ws/install/mbot_demo/share/mbot_demo//config
-- Installing: /home/castrolab-agx-orin/Documents/Robotic-Assited_Pruning_of_Forest_Trees/uf_xarm6/ros_ws/install/mbot_demo/share/mbot_demo//config/controllers.yaml
-- Installing: /home/castrolab-agx-orin/Documents/Robotic-Assited_Pruning_of_Forest_Trees/uf_xarm6/ros_ws/install/mbot_demo/share/mbot_demo//config/ompl_planning.yaml
-- Installing: /home/castrolab-agx-orin/Documents/Robotic-Assited_Pruning_of_Forest_Trees/uf_xarm6/ros_ws/install/mbot_demo/share/mbot_demo//config/kinematics.yaml
-- Installing: /home/castrolab-agx-orin/Documents/Robotic-Assited_Pruning_of_Forest_Trees/uf_xarm6/ros_ws/install/mbot_demo/share/mbot_demo//config/joint_limits.yaml
-- Installing: /home/castrolab-agx-orin/Documents/Robotic-Assited_Pruning_of_Forest_Trees/uf_xarm6/ros_ws/install/mbot_demo/share/mbot_demo//config/ros2_controllers.yaml
-- Installing: /home/castrolab-agx-orin/Documents/Robotic-Assited_Pruning_of_Forest_Trees/uf_xarm6/ros_ws/install/mbot_demo/share/mbot_demo//worlds
-- Installing: /home/castrolab-agx-orin/Documents/Robotic-Assited_Pruning_of_Forest_Trees/uf_xarm6/ros_ws/install/mbot_demo/share/mbot_demo//worlds/empty.world
-- Installing: /home/castrolab-agx-orin/Documents/Robotic-Assited_Pruning_of_Forest_Trees/uf_xarm6/ros_ws/install/mbot_demo/share/mbot_demo//launch
-- Installing: /home/castrolab-agx-orin/Documents/Robotic-Assited_Pruning_of_Forest_Trees/uf_xarm6/ros_ws/install/mbot_demo/share/mbot_demo//launch/mbot_moveit_realmove.launch.py
-- Installing: /home/castrolab-agx-orin/Documents/Robotic-Assited_Pruning_of_Forest_Trees/uf_xarm6/ros_ws/install/mbot_demo/share/mbot_demo//launch/mbot_moveit_fake.launch.py
-- Installing: /home/castrolab-agx-orin/Documents/Robotic-Assited_Pruning_of_Forest_Trees/uf_xarm6/ros_ws/install/mbot_demo/share/mbot_demo//launch/mbot_moveit_gazebo.launch.py
-- Installing: /home/castrolab-agx-orin/Documents/Robotic-Assited_Pruning_of_Forest_Trees/uf_xarm6/ros_ws/install/mbot_demo/share/mbot_demo//launch/_robot_on_mbot_gazebo.launch.py
-- Installing: /home/castrolab-agx-orin/Documents/Robotic-Assited_Pruning_of_Forest_Trees/uf_xarm6/ros_ws/install/mbot_demo/share/ament_index/resource_index/package_run_dependencies/mbot_demo
-- Installing: /home/castrolab-agx-orin/Documents/Robotic-Assited_Pruning_of_Forest_Trees/uf_xarm6/ros_ws/install/mbot_demo/share/ament_index/resource_index/parent_prefix_path/mbot_demo
-- Installing: /home/castrolab-agx-orin/Documents/Robotic-Assited_Pruning_of_Forest_Trees/uf_xarm6/ros_ws/install/mbot_demo/share/mbot_demo/environment/ament_prefix_path.sh
-- Installing: /home/castrolab-agx-orin/Documents/Robotic-Assited_Pruning_of_Forest_Trees/uf_xarm6/ros_ws/install/mbot_demo/share/mbot_demo/environment/ament_prefix_path.dsv
-- Installing: /home/castrolab-agx-orin/Documents/Robotic-Assited_Pruning_of_Forest_Trees/uf_xarm6/ros_ws/install/mbot_demo/share/mbot_demo/environment/path.sh
-- Installing: /home/castrolab-agx-orin/Documents/Robotic-Assited_Pruning_of_Forest_Trees/uf_xarm6/ros_ws/install/mbot_demo/share/mbot_demo/environment/path.dsv
-- Installing: /home/castrolab-agx-orin/Documents/Robotic-Assited_Pruning_of_Forest_Trees/uf_xarm6/ros_ws/install/mbot_demo/share/mbot_demo/local_setup.bash
-- Installing: /home/castrolab-agx-orin/Documents/Robotic-Assited_Pruning_of_Forest_Trees/uf_xarm6/ros_ws/install/mbot_demo/share/mbot_demo/local_setup.sh
-- Installing: /home/castrolab-agx-orin/Documents/Robotic-Assited_Pruning_of_Forest_Trees/uf_xarm6/ros_ws/install/mbot_demo/share/mbot_demo/local_setup.zsh
-- Installing: /home/castrolab-agx-orin/Documents/Robotic-Assited_Pruning_of_Forest_Trees/uf_xarm6/ros_ws/install/mbot_demo/share/mbot_demo/local_setup.dsv
-- Installing: /home/castrolab-agx-orin/Documents/Robotic-Assited_Pruning_of_Forest_Trees/uf_xarm6/ros_ws/install/mbot_demo/share/mbot_demo/package.dsv
-- Installing: /home/castrolab-agx-orin/Documents/Robotic-Assited_Pruning_of_Forest_Trees/uf_xarm6/ros_ws/install/mbot_demo/share/ament_index/resource_index/packages/mbot_demo
-- Installing: /home/castrolab-agx-orin/Documents/Robotic-Assited_Pruning_of_Forest_Trees/uf_xarm6/ros_ws/install/mbot_demo/share/mbot_demo/cmake/mbot_demoConfig.cmake
-- Installing: /home/castrolab-agx-orin/Documents/Robotic-Assited_Pruning_of_Forest_Trees/uf_xarm6/ros_ws/install/mbot_demo/share/mbot_demo/cmake/mbot_demoConfig-version.cmake
-- Installing: /home/castrolab-agx-orin/Documents/Robotic-Assited_Pruning_of_Forest_Trees/uf_xarm6/ros_ws/install/mbot_demo/share/mbot_demo/package.xml
