[1.481s] Invoking command in '/home/castrolab-agx-orin/Documents/Robotic-Assited_Pruning_of_Forest_Trees/uf_xarm6/ros_ws/src/uf_ros_lib': PYTHONPATH=/home/castrolab-agx-orin/Documents/Robotic-Assited_Pruning_of_Forest_Trees/uf_xarm6/ros_ws/build/uf_ros_lib/prefix_override:/usr/lib/python3/dist-packages/colcon_core/task/python/colcon_distutils_commands:/home/castrolab-agx-orin/Documents/Robotic-Assited_Pruning_of_Forest_Trees/uf_xarm6/ros_ws/install/uf_ros_lib/lib/python3.8/site-packages:${PYTHONPATH} /usr/bin/python3 -W ignore:setup.py install is deprecated -W ignore:easy_install command is deprecated setup.py egg_info --egg-base ../../build/uf_ros_lib build --build-base /home/castrolab-agx-orin/Documents/Robotic-Assited_Pruning_of_Forest_Trees/uf_xarm6/ros_ws/build/uf_ros_lib/build install --record /home/castrolab-agx-orin/Documents/Robotic-Assited_Pruning_of_Forest_Trees/uf_xarm6/ros_ws/build/uf_ros_lib/install.log --install-scripts $base/lib/uf_ros_lib --single-version-externally-managed install_data
[2.184s] running egg_info
[2.204s] writing ../../build/uf_ros_lib/uf_ros_lib.egg-info/PKG-INFO
[2.206s] writing dependency_links to ../../build/uf_ros_lib/uf_ros_lib.egg-info/dependency_links.txt
[2.207s] writing entry points to ../../build/uf_ros_lib/uf_ros_lib.egg-info/entry_points.txt
[2.210s] writing requirements to ../../build/uf_ros_lib/uf_ros_lib.egg-info/requires.txt
[2.211s] writing top-level names to ../../build/uf_ros_lib/uf_ros_lib.egg-info/top_level.txt
[2.276s] reading manifest file '../../build/uf_ros_lib/uf_ros_lib.egg-info/SOURCES.txt'
[2.278s] writing manifest file '../../build/uf_ros_lib/uf_ros_lib.egg-info/SOURCES.txt'
[2.278s] running build
[2.279s] running build_py
[2.280s] running install
[2.282s] running install_lib
[2.287s] running install_data
[2.287s] running install_egg_info
[2.291s] removing '/home/castrolab-agx-orin/Documents/Robotic-Assited_Pruning_of_Forest_Trees/uf_xarm6/ros_ws/install/uf_ros_lib/lib/python3.8/site-packages/uf_ros_lib-0.0.0-py3.8.egg-info' (and everything under it)
[2.292s] Copying ../../build/uf_ros_lib/uf_ros_lib.egg-info to /home/castrolab-agx-orin/Documents/Robotic-Assited_Pruning_of_Forest_Trees/uf_xarm6/ros_ws/install/uf_ros_lib/lib/python3.8/site-packages/uf_ros_lib-0.0.0-py3.8.egg-info
[2.293s] running install_scripts
[2.336s] writing list of installed files to '/home/castrolab-agx-orin/Documents/Robotic-Assited_Pruning_of_Forest_Trees/uf_xarm6/ros_ws/build/uf_ros_lib/install.log'
[2.419s] Invoked command in '/home/castrolab-agx-orin/Documents/Robotic-Assited_Pruning_of_Forest_Trees/uf_xarm6/ros_ws/src/uf_ros_lib' returned '0': PYTHONPATH=/home/castrolab-agx-orin/Documents/Robotic-Assited_Pruning_of_Forest_Trees/uf_xarm6/ros_ws/build/uf_ros_lib/prefix_override:/usr/lib/python3/dist-packages/colcon_core/task/python/colcon_distutils_commands:/home/castrolab-agx-orin/Documents/Robotic-Assited_Pruning_of_Forest_Trees/uf_xarm6/ros_ws/install/uf_ros_lib/lib/python3.8/site-packages:${PYTHONPATH} /usr/bin/python3 -W ignore:setup.py install is deprecated -W ignore:easy_install command is deprecated setup.py egg_info --egg-base ../../build/uf_ros_lib build --build-base /home/castrolab-agx-orin/Documents/Robotic-Assited_Pruning_of_Forest_Trees/uf_xarm6/ros_ws/build/uf_ros_lib/build install --record /home/castrolab-agx-orin/Documents/Robotic-Assited_Pruning_of_Forest_Trees/uf_xarm6/ros_ws/build/uf_ros_lib/install.log --install-scripts $base/lib/uf_ros_lib --single-version-externally-managed install_data
