-- Found ament_cmake: 0.9.12 (/opt/ros/foxy/share/ament_cmake/cmake)
-- Using PYTHON_EXECUTABLE: /usr/bin/python3
-- Found moveit: 2.2.3 (/opt/ros/foxy/share/moveit/cmake)
-- Found moveit_ros_planning_interface: 2.2.3 (/opt/ros/foxy/share/moveit_ros_planning_interface/cmake)
-- Found Boost: /usr/lib/aarch64-linux-gnu/cmake/Boost-1.71.0/BoostConfig.cmake (found version "1.71.0")  
-- Found Boost: /usr/lib/aarch64-linux-gnu/cmake/Boost-1.71.0/BoostConfig.cmake (found version "1.71.0") found components: date_time filesystem program_options system thread 
-- Using all available rosidl_typesupport_c: rosidl_typesupport_fastrtps_c;rosidl_typesupport_introspection_c
-- Found rosidl_adapter: 1.3.1 (/opt/ros/foxy/share/rosidl_adapter/cmake)
-- Found OpenSSL: /usr/lib/aarch64-linux-gnu/libcrypto.so (found version "1.1.1f")  
-- Found FastRTPS: /opt/ros/foxy/include  
-- Using all available rosidl_typesupport_cpp: rosidl_typesupport_fastrtps_cpp;rosidl_typesupport_introspection_cpp
-- Found Boost: /usr/lib/aarch64-linux-gnu/cmake/Boost-1.71.0/BoostConfig.cmake (found version "1.71.0") found components: chrono date_time filesystem iostreams program_options regex serialization system thread 
-- Found Boost: /usr/lib/aarch64-linux-gnu/cmake/Boost-1.71.0/BoostConfig.cmake (found version "1.71.0") found components: filesystem 
-- Found rmw_implementation_cmake: 1.0.4 (/opt/ros/foxy/share/rmw_implementation_cmake/cmake)
-- Using RMW implementation 'rmw_fastrtps_cpp' as default
-- Found Threads: TRUE  
-- library: /usr/lib/aarch64-linux-gnu/libcurl.so
-- Found Eigen3: TRUE (found version "3.3.7") 
-- Found Boost: /usr/lib/aarch64-linux-gnu/cmake/Boost-1.71.0/BoostConfig.cmake (found version "1.71.0") found components: system filesystem date_time program_options thread chrono 
-- Found Boost: /usr/lib/aarch64-linux-gnu/cmake/Boost-1.71.0/BoostConfig.cmake (found version "1.71.0") found components: thread 
-- Found Boost: /usr/lib/aarch64-linux-gnu/cmake/Boost-1.71.0/BoostConfig.cmake (found version "1.71.0") found components: thread system filesystem regex date_time program_options 
-- Found Boost: /usr/lib/aarch64-linux-gnu/cmake/Boost-1.71.0/BoostConfig.cmake (found version "1.71.0") found components: system filesystem date_time program_options thread 
-- Found xarm_msgs: 0.0.0 (/home/castrolab-agx-orin/Documents/Robotic-Assited_Pruning_of_Forest_Trees/uf_xarm6/ros_ws/install/xarm_msgs/share/xarm_msgs/cmake)
-- Found ament_lint_auto: 0.9.8 (/opt/ros/foxy/share/ament_lint_auto/cmake)
-- Added test 'copyright' to check source files copyright and LICENSE
-- Added test 'cppcheck' to perform static code analysis on C / C++ code
-- Configured cppcheck include dirs: /home/castrolab-agx-orin/Documents/Robotic-Assited_Pruning_of_Forest_Trees/uf_xarm6/ros_ws/src/xarm_planner/include
-- Configured cppcheck exclude dirs and/or files: 
-- Added test 'cpplint' to check C / C++ code against the Google style
-- Configured cpplint exclude dirs and/or files: 
-- Added test 'flake8' to check Python code syntax and style conventions
-- Added test 'lint_cmake' to check CMake code style
-- Added test 'pep257' to check Python code against some of the style conventions in PEP 257
-- Added test 'uncrustify' to check C / C++ code style
-- Configured uncrustify additional arguments: 
-- Added test 'xmllint' to check XML markup files
-- Configuring done
-- Generating done
-- Build files have been written to: /home/castrolab-agx-orin/Documents/Robotic-Assited_Pruning_of_Forest_Trees/uf_xarm6/ros_ws/build/xarm_planner
[35m[1mScanning dependencies of target xarm_planner[0m
[35m[1mScanning dependencies of target test_xarm_gripper_planner_client_joint[0m
[35m[1mScanning dependencies of target test_xarm_planner_client_pose[0m
[35m[1mScanning dependencies of target test_lite_gripper_realmove[0m
[35m[1mScanning dependencies of target test_xarm_planner_client_joint[0m
[  4%] [32mBuilding CXX object CMakeFiles/test_lite_gripper_realmove.dir/test/test_lite_gripper_realmove.cpp.o[0m
[  9%] [32mBuilding CXX object CMakeFiles/test_xarm_gripper_planner_client_joint.dir/test/test_xarm_gripper_planner_client_joint.cpp.o[0m
[ 18%] [32mBuilding CXX object CMakeFiles/test_xarm_planner_client_joint.dir/test/test_xarm_planner_client_joint.cpp.o[0m
[ 18%] [32mBuilding CXX object CMakeFiles/test_xarm_planner_client_pose.dir/test/test_xarm_planner_client_pose.cpp.o[0m
[ 22%] [32mBuilding CXX object CMakeFiles/xarm_planner.dir/src/xarm_planner.cpp.o[0m
[ 27%] [32m[1mLinking CXX executable test_lite_gripper_realmove[0m
[ 27%] Built target test_lite_gripper_realmove
[ 31%] [32m[1mLinking CXX executable test_xarm_planner_client_pose[0m
[ 36%] [32m[1mLinking CXX executable test_xarm_gripper_planner_client_joint[0m
[ 40%] [32m[1mLinking CXX executable test_xarm_planner_client_joint[0m
[ 40%] Built target test_xarm_planner_client_pose
[ 40%] Built target test_xarm_gripper_planner_client_joint
[ 40%] Built target test_xarm_planner_client_joint
[ 45%] [32m[1mLinking CXX shared library libxarm_planner.so[0m
[ 45%] Built target xarm_planner
[35m[1mScanning dependencies of target test_dual_xarm_planner_api_joint[0m
[35m[1mScanning dependencies of target test_xarm_gripper_planner_api_joint[0m
[35m[1mScanning dependencies of target xarm_gripper_planner_node[0m
[35m[1mScanning dependencies of target xarm_planner_node[0m
[35m[1mScanning dependencies of target test_xarm_planner_api_pose[0m
[35m[1mScanning dependencies of target test_xarm_planner_api_joint[0m
[ 50%] [32mBuilding CXX object CMakeFiles/test_xarm_gripper_planner_api_joint.dir/test/test_xarm_gripper_planner_api_joint.cpp.o[0m
[ 54%] [32mBuilding CXX object CMakeFiles/test_xarm_planner_api_joint.dir/test/test_xarm_planner_api_joint.cpp.o[0m
[ 59%] [32mBuilding CXX object CMakeFiles/xarm_planner_node.dir/src/xarm_planner_node.cpp.o[0m
[ 68%] [32mBuilding CXX object CMakeFiles/test_xarm_planner_api_pose.dir/test/test_xarm_planner_api_pose.cpp.o[0m
[ 68%] [32mBuilding CXX object CMakeFiles/xarm_gripper_planner_node.dir/src/xarm_gripper_planner_node.cpp.o[0m
[ 72%] [32mBuilding CXX object CMakeFiles/test_dual_xarm_planner_api_joint.dir/test/test_dual_xarm_planner_api_joint.cpp.o[0m
[ 77%] [32m[1mLinking CXX executable test_xarm_gripper_planner_api_joint[0m
[ 81%] [32m[1mLinking CXX executable test_xarm_planner_api_pose[0m
[ 86%] [32m[1mLinking CXX executable test_dual_xarm_planner_api_joint[0m
[ 86%] Built target test_xarm_gripper_planner_api_joint
[ 86%] Built target test_xarm_planner_api_pose
[ 86%] Built target test_dual_xarm_planner_api_joint
[ 90%] [32m[1mLinking CXX executable xarm_gripper_planner_node[0m
[ 95%] [32m[1mLinking CXX executable test_xarm_planner_api_joint[0m
[ 95%] Built target xarm_gripper_planner_node
[ 95%] Built target test_xarm_planner_api_joint
[100%] [32m[1mLinking CXX executable xarm_planner_node[0m
[100%] Built target xarm_planner_node
-- Install configuration: ""
-- Installing: /home/castrolab-agx-orin/Documents/Robotic-Assited_Pruning_of_Forest_Trees/uf_xarm6/ros_ws/install/xarm_planner/include
-- Installing: /home/castrolab-agx-orin/Documents/Robotic-Assited_Pruning_of_Forest_Trees/uf_xarm6/ros_ws/install/xarm_planner/include/xarm_planner
-- Installing: /home/castrolab-agx-orin/Documents/Robotic-Assited_Pruning_of_Forest_Trees/uf_xarm6/ros_ws/install/xarm_planner/include/xarm_planner/xarm_planner.h
-- Installing: /home/castrolab-agx-orin/Documents/Robotic-Assited_Pruning_of_Forest_Trees/uf_xarm6/ros_ws/install/xarm_planner/lib/libxarm_planner.so
-- Set runtime path of "/home/castrolab-agx-orin/Documents/Robotic-Assited_Pruning_of_Forest_Trees/uf_xarm6/ros_ws/install/xarm_planner/lib/libxarm_planner.so" to ""
-- Installing: /home/castrolab-agx-orin/Documents/Robotic-Assited_Pruning_of_Forest_Trees/uf_xarm6/ros_ws/install/xarm_planner/lib/xarm_planner/xarm_planner_node
-- Set runtime path of "/home/castrolab-agx-orin/Documents/Robotic-Assited_Pruning_of_Forest_Trees/uf_xarm6/ros_ws/install/xarm_planner/lib/xarm_planner/xarm_planner_node" to ""
-- Installing: /home/castrolab-agx-orin/Documents/Robotic-Assited_Pruning_of_Forest_Trees/uf_xarm6/ros_ws/install/xarm_planner/lib/xarm_planner/xarm_gripper_planner_node
-- Set runtime path of "/home/castrolab-agx-orin/Documents/Robotic-Assited_Pruning_of_Forest_Trees/uf_xarm6/ros_ws/install/xarm_planner/lib/xarm_planner/xarm_gripper_planner_node" to ""
-- Installing: /home/castrolab-agx-orin/Documents/Robotic-Assited_Pruning_of_Forest_Trees/uf_xarm6/ros_ws/install/xarm_planner/lib/xarm_planner/test_xarm_planner_api_joint
-- Set runtime path of "/home/castrolab-agx-orin/Documents/Robotic-Assited_Pruning_of_Forest_Trees/uf_xarm6/ros_ws/install/xarm_planner/lib/xarm_planner/test_xarm_planner_api_joint" to ""
-- Installing: /home/castrolab-agx-orin/Documents/Robotic-Assited_Pruning_of_Forest_Trees/uf_xarm6/ros_ws/install/xarm_planner/lib/xarm_planner/test_dual_xarm_planner_api_joint
-- Set runtime path of "/home/castrolab-agx-orin/Documents/Robotic-Assited_Pruning_of_Forest_Trees/uf_xarm6/ros_ws/install/xarm_planner/lib/xarm_planner/test_dual_xarm_planner_api_joint" to ""
-- Installing: /home/castrolab-agx-orin/Documents/Robotic-Assited_Pruning_of_Forest_Trees/uf_xarm6/ros_ws/install/xarm_planner/lib/xarm_planner/test_xarm_planner_api_pose
-- Set runtime path of "/home/castrolab-agx-orin/Documents/Robotic-Assited_Pruning_of_Forest_Trees/uf_xarm6/ros_ws/install/xarm_planner/lib/xarm_planner/test_xarm_planner_api_pose" to ""
-- Installing: /home/castrolab-agx-orin/Documents/Robotic-Assited_Pruning_of_Forest_Trees/uf_xarm6/ros_ws/install/xarm_planner/lib/xarm_planner/test_xarm_gripper_planner_api_joint
-- Set runtime path of "/home/castrolab-agx-orin/Documents/Robotic-Assited_Pruning_of_Forest_Trees/uf_xarm6/ros_ws/install/xarm_planner/lib/xarm_planner/test_xarm_gripper_planner_api_joint" to ""
-- Installing: /home/castrolab-agx-orin/Documents/Robotic-Assited_Pruning_of_Forest_Trees/uf_xarm6/ros_ws/install/xarm_planner/lib/xarm_planner/test_xarm_planner_client_joint
-- Set runtime path of "/home/castrolab-agx-orin/Documents/Robotic-Assited_Pruning_of_Forest_Trees/uf_xarm6/ros_ws/install/xarm_planner/lib/xarm_planner/test_xarm_planner_client_joint" to ""
-- Installing: /home/castrolab-agx-orin/Documents/Robotic-Assited_Pruning_of_Forest_Trees/uf_xarm6/ros_ws/install/xarm_planner/lib/xarm_planner/test_xarm_planner_client_pose
-- Set runtime path of "/home/castrolab-agx-orin/Documents/Robotic-Assited_Pruning_of_Forest_Trees/uf_xarm6/ros_ws/install/xarm_planner/lib/xarm_planner/test_xarm_planner_client_pose" to ""
-- Installing: /home/castrolab-agx-orin/Documents/Robotic-Assited_Pruning_of_Forest_Trees/uf_xarm6/ros_ws/install/xarm_planner/lib/xarm_planner/test_xarm_gripper_planner_client_joint
-- Set runtime path of "/home/castrolab-agx-orin/Documents/Robotic-Assited_Pruning_of_Forest_Trees/uf_xarm6/ros_ws/install/xarm_planner/lib/xarm_planner/test_xarm_gripper_planner_client_joint" to ""
-- Installing: /home/castrolab-agx-orin/Documents/Robotic-Assited_Pruning_of_Forest_Trees/uf_xarm6/ros_ws/install/xarm_planner/lib/xarm_planner/test_lite_gripper_realmove
-- Set runtime path of "/home/castrolab-agx-orin/Documents/Robotic-Assited_Pruning_of_Forest_Trees/uf_xarm6/ros_ws/install/xarm_planner/lib/xarm_planner/test_lite_gripper_realmove" to ""
-- Installing: /home/castrolab-agx-orin/Documents/Robotic-Assited_Pruning_of_Forest_Trees/uf_xarm6/ros_ws/install/xarm_planner/share/xarm_planner//launch
-- Installing: /home/castrolab-agx-orin/Documents/Robotic-Assited_Pruning_of_Forest_Trees/uf_xarm6/ros_ws/install/xarm_planner/share/xarm_planner//launch/test_xarm_planner_client_pose.launch.py
-- Installing: /home/castrolab-agx-orin/Documents/Robotic-Assited_Pruning_of_Forest_Trees/uf_xarm6/ros_ws/install/xarm_planner/share/xarm_planner//launch/test_dual_xarm_planner_api_joint.launch.py
-- Installing: /home/castrolab-agx-orin/Documents/Robotic-Assited_Pruning_of_Forest_Trees/uf_xarm6/ros_ws/install/xarm_planner/share/xarm_planner//launch/xarm6_planner_realmove.launch.py
-- Installing: /home/castrolab-agx-orin/Documents/Robotic-Assited_Pruning_of_Forest_Trees/uf_xarm6/ros_ws/install/xarm_planner/share/xarm_planner//launch/_dual_robot_planner.launch.py
-- Installing: /home/castrolab-agx-orin/Documents/Robotic-Assited_Pruning_of_Forest_Trees/uf_xarm6/ros_ws/install/xarm_planner/share/xarm_planner//launch/test_xarm_planner_api_joint.launch.py
-- Installing: /home/castrolab-agx-orin/Documents/Robotic-Assited_Pruning_of_Forest_Trees/uf_xarm6/ros_ws/install/xarm_planner/share/xarm_planner//launch/test_move_group.launch.py
-- Installing: /home/castrolab-agx-orin/Documents/Robotic-Assited_Pruning_of_Forest_Trees/uf_xarm6/ros_ws/install/xarm_planner/share/xarm_planner//launch/_robot_planner.launch.py
-- Installing: /home/castrolab-agx-orin/Documents/Robotic-Assited_Pruning_of_Forest_Trees/uf_xarm6/ros_ws/install/xarm_planner/share/xarm_planner//launch/test_xarm_planner_api_pose.launch.py
-- Installing: /home/castrolab-agx-orin/Documents/Robotic-Assited_Pruning_of_Forest_Trees/uf_xarm6/ros_ws/install/xarm_planner/share/xarm_planner//launch/test_lite_gripper_realmove.launch.py
-- Installing: /home/castrolab-agx-orin/Documents/Robotic-Assited_Pruning_of_Forest_Trees/uf_xarm6/ros_ws/install/xarm_planner/share/xarm_planner//launch/xarm6_planner_fake.launch.py
-- Installing: /home/castrolab-agx-orin/Documents/Robotic-Assited_Pruning_of_Forest_Trees/uf_xarm6/ros_ws/install/xarm_planner/share/xarm_planner//launch/test_xarm_planner_client_joint.launch.py
-- Installing: /home/castrolab-agx-orin/Documents/Robotic-Assited_Pruning_of_Forest_Trees/uf_xarm6/ros_ws/install/xarm_planner/share/xarm_planner//launch/test_xarm_gripper_planner_api_joint.launch.py
-- Installing: /home/castrolab-agx-orin/Documents/Robotic-Assited_Pruning_of_Forest_Trees/uf_xarm6/ros_ws/install/xarm_planner/share/xarm_planner//launch/xarm6_planner_gazebo.launch.py
-- Installing: /home/castrolab-agx-orin/Documents/Robotic-Assited_Pruning_of_Forest_Trees/uf_xarm6/ros_ws/install/xarm_planner/share/xarm_planner//launch/test_xarm_gripper_planner_client_joint.launch.py
-- Installing: /home/castrolab-agx-orin/Documents/Robotic-Assited_Pruning_of_Forest_Trees/uf_xarm6/ros_ws/install/xarm_planner/share/ament_index/resource_index/package_run_dependencies/xarm_planner
-- Installing: /home/castrolab-agx-orin/Documents/Robotic-Assited_Pruning_of_Forest_Trees/uf_xarm6/ros_ws/install/xarm_planner/share/ament_index/resource_index/parent_prefix_path/xarm_planner
-- Installing: /home/castrolab-agx-orin/Documents/Robotic-Assited_Pruning_of_Forest_Trees/uf_xarm6/ros_ws/install/xarm_planner/share/xarm_planner/environment/ament_prefix_path.sh
-- Installing: /home/castrolab-agx-orin/Documents/Robotic-Assited_Pruning_of_Forest_Trees/uf_xarm6/ros_ws/install/xarm_planner/share/xarm_planner/environment/ament_prefix_path.dsv
-- Installing: /home/castrolab-agx-orin/Documents/Robotic-Assited_Pruning_of_Forest_Trees/uf_xarm6/ros_ws/install/xarm_planner/share/xarm_planner/environment/path.sh
-- Installing: /home/castrolab-agx-orin/Documents/Robotic-Assited_Pruning_of_Forest_Trees/uf_xarm6/ros_ws/install/xarm_planner/share/xarm_planner/environment/path.dsv
-- Installing: /home/castrolab-agx-orin/Documents/Robotic-Assited_Pruning_of_Forest_Trees/uf_xarm6/ros_ws/install/xarm_planner/share/xarm_planner/local_setup.bash
-- Installing: /home/castrolab-agx-orin/Documents/Robotic-Assited_Pruning_of_Forest_Trees/uf_xarm6/ros_ws/install/xarm_planner/share/xarm_planner/local_setup.sh
-- Installing: /home/castrolab-agx-orin/Documents/Robotic-Assited_Pruning_of_Forest_Trees/uf_xarm6/ros_ws/install/xarm_planner/share/xarm_planner/local_setup.zsh
-- Installing: /home/castrolab-agx-orin/Documents/Robotic-Assited_Pruning_of_Forest_Trees/uf_xarm6/ros_ws/install/xarm_planner/share/xarm_planner/local_setup.dsv
-- Installing: /home/castrolab-agx-orin/Documents/Robotic-Assited_Pruning_of_Forest_Trees/uf_xarm6/ros_ws/install/xarm_planner/share/xarm_planner/package.dsv
-- Installing: /home/castrolab-agx-orin/Documents/Robotic-Assited_Pruning_of_Forest_Trees/uf_xarm6/ros_ws/install/xarm_planner/share/ament_index/resource_index/packages/xarm_planner
-- Installing: /home/castrolab-agx-orin/Documents/Robotic-Assited_Pruning_of_Forest_Trees/uf_xarm6/ros_ws/install/xarm_planner/share/xarm_planner/cmake/xarm_plannerConfig.cmake
-- Installing: /home/castrolab-agx-orin/Documents/Robotic-Assited_Pruning_of_Forest_Trees/uf_xarm6/ros_ws/install/xarm_planner/share/xarm_planner/cmake/xarm_plannerConfig-version.cmake
-- Installing: /home/castrolab-agx-orin/Documents/Robotic-Assited_Pruning_of_Forest_Trees/uf_xarm6/ros_ws/install/xarm_planner/share/xarm_planner/package.xml
