[1.410s] Invoking command in '/home/castrolab-agx-orin/Documents/Robotic-Assited_Pruning_of_Forest_Trees/uf_xarm6/ros_ws/src/uf_ros_lib': PYTHONPATH=/home/castrolab-agx-orin/Documents/Robotic-Assited_Pruning_of_Forest_Trees/uf_xarm6/ros_ws/build/uf_ros_lib/prefix_override:/usr/lib/python3/dist-packages/colcon_core/task/python/colcon_distutils_commands:/home/castrolab-agx-orin/Documents/Robotic-Assited_Pruning_of_Forest_Trees/uf_xarm6/ros_ws/install/uf_ros_lib/lib/python3.8/site-packages:${PYTHONPATH} /usr/bin/python3 -W ignore:setup.py install is deprecated -W ignore:easy_install command is deprecated setup.py egg_info --egg-base ../../build/uf_ros_lib build --build-base /home/castrolab-agx-orin/Documents/Robotic-Assited_Pruning_of_Forest_Trees/uf_xarm6/ros_ws/build/uf_ros_lib/build install --record /home/castrolab-agx-orin/Documents/Robotic-Assited_Pruning_of_Forest_Trees/uf_xarm6/ros_ws/build/uf_ros_lib/install.log --install-scripts $base/lib/uf_ros_lib --single-version-externally-managed install_data
[1.823s] running egg_info
[1.825s] creating ../../build/uf_ros_lib/uf_ros_lib.egg-info
[1.825s] writing ../../build/uf_ros_lib/uf_ros_lib.egg-info/PKG-INFO
[1.826s] writing dependency_links to ../../build/uf_ros_lib/uf_ros_lib.egg-info/dependency_links.txt
[1.826s] writing entry points to ../../build/uf_ros_lib/uf_ros_lib.egg-info/entry_points.txt
[1.826s] writing requirements to ../../build/uf_ros_lib/uf_ros_lib.egg-info/requires.txt
[1.826s] writing top-level names to ../../build/uf_ros_lib/uf_ros_lib.egg-info/top_level.txt
[1.830s] writing manifest file '../../build/uf_ros_lib/uf_ros_lib.egg-info/SOURCES.txt'
[1.889s] reading manifest file '../../build/uf_ros_lib/uf_ros_lib.egg-info/SOURCES.txt'
[1.891s] writing manifest file '../../build/uf_ros_lib/uf_ros_lib.egg-info/SOURCES.txt'
[1.891s] running build
[1.891s] running build_py
[1.892s] creating /home/castrolab-agx-orin/Documents/Robotic-Assited_Pruning_of_Forest_Trees/uf_xarm6/ros_ws/build/uf_ros_lib/build
[1.892s] creating /home/castrolab-agx-orin/Documents/Robotic-Assited_Pruning_of_Forest_Trees/uf_xarm6/ros_ws/build/uf_ros_lib/build/lib
[1.892s] creating /home/castrolab-agx-orin/Documents/Robotic-Assited_Pruning_of_Forest_Trees/uf_xarm6/ros_ws/build/uf_ros_lib/build/lib/uf_ros_lib
[1.894s] copying uf_ros_lib/uf_robot_utils.py -> /home/castrolab-agx-orin/Documents/Robotic-Assited_Pruning_of_Forest_Trees/uf_xarm6/ros_ws/build/uf_ros_lib/build/lib/uf_ros_lib
[1.896s] copying uf_ros_lib/__init__.py -> /home/castrolab-agx-orin/Documents/Robotic-Assited_Pruning_of_Forest_Trees/uf_xarm6/ros_ws/build/uf_ros_lib/build/lib/uf_ros_lib
[1.897s] copying uf_ros_lib/parameter_descriptions.py -> /home/castrolab-agx-orin/Documents/Robotic-Assited_Pruning_of_Forest_Trees/uf_xarm6/ros_ws/build/uf_ros_lib/build/lib/uf_ros_lib
[1.897s] copying uf_ros_lib/moveit_configs_builder.py -> /home/castrolab-agx-orin/Documents/Robotic-Assited_Pruning_of_Forest_Trees/uf_xarm6/ros_ws/build/uf_ros_lib/build/lib/uf_ros_lib
[1.898s] creating /home/castrolab-agx-orin/Documents/Robotic-Assited_Pruning_of_Forest_Trees/uf_xarm6/ros_ws/build/uf_ros_lib/build/lib/uf_ros_lib/substitutions
[1.898s] copying uf_ros_lib/substitutions/joint_limits.py -> /home/castrolab-agx-orin/Documents/Robotic-Assited_Pruning_of_Forest_Trees/uf_xarm6/ros_ws/build/uf_ros_lib/build/lib/uf_ros_lib/substitutions
[1.898s] copying uf_ros_lib/substitutions/__init__.py -> /home/castrolab-agx-orin/Documents/Robotic-Assited_Pruning_of_Forest_Trees/uf_xarm6/ros_ws/build/uf_ros_lib/build/lib/uf_ros_lib/substitutions
[1.898s] copying uf_ros_lib/substitutions/common.py -> /home/castrolab-agx-orin/Documents/Robotic-Assited_Pruning_of_Forest_Trees/uf_xarm6/ros_ws/build/uf_ros_lib/build/lib/uf_ros_lib/substitutions
[1.899s] copying uf_ros_lib/substitutions/controllers.py -> /home/castrolab-agx-orin/Documents/Robotic-Assited_Pruning_of_Forest_Trees/uf_xarm6/ros_ws/build/uf_ros_lib/build/lib/uf_ros_lib/substitutions
[1.899s] copying uf_ros_lib/substitutions/kinematics.py -> /home/castrolab-agx-orin/Documents/Robotic-Assited_Pruning_of_Forest_Trees/uf_xarm6/ros_ws/build/uf_ros_lib/build/lib/uf_ros_lib/substitutions
[1.899s] copying uf_ros_lib/substitutions/planning_pipelines.py -> /home/castrolab-agx-orin/Documents/Robotic-Assited_Pruning_of_Forest_Trees/uf_xarm6/ros_ws/build/uf_ros_lib/build/lib/uf_ros_lib/substitutions
[1.899s] running install
[1.901s] running install_lib
[1.903s] creating /home/castrolab-agx-orin/Documents/Robotic-Assited_Pruning_of_Forest_Trees/uf_xarm6/ros_ws/install/uf_ros_lib/lib/python3.8/site-packages/uf_ros_lib
[1.903s] copying /home/castrolab-agx-orin/Documents/Robotic-Assited_Pruning_of_Forest_Trees/uf_xarm6/ros_ws/build/uf_ros_lib/build/lib/uf_ros_lib/uf_robot_utils.py -> /home/castrolab-agx-orin/Documents/Robotic-Assited_Pruning_of_Forest_Trees/uf_xarm6/ros_ws/install/uf_ros_lib/lib/python3.8/site-packages/uf_ros_lib
[1.903s] copying /home/castrolab-agx-orin/Documents/Robotic-Assited_Pruning_of_Forest_Trees/uf_xarm6/ros_ws/build/uf_ros_lib/build/lib/uf_ros_lib/__init__.py -> /home/castrolab-agx-orin/Documents/Robotic-Assited_Pruning_of_Forest_Trees/uf_xarm6/ros_ws/install/uf_ros_lib/lib/python3.8/site-packages/uf_ros_lib
[1.904s] copying /home/castrolab-agx-orin/Documents/Robotic-Assited_Pruning_of_Forest_Trees/uf_xarm6/ros_ws/build/uf_ros_lib/build/lib/uf_ros_lib/parameter_descriptions.py -> /home/castrolab-agx-orin/Documents/Robotic-Assited_Pruning_of_Forest_Trees/uf_xarm6/ros_ws/install/uf_ros_lib/lib/python3.8/site-packages/uf_ros_lib
[1.904s] creating /home/castrolab-agx-orin/Documents/Robotic-Assited_Pruning_of_Forest_Trees/uf_xarm6/ros_ws/install/uf_ros_lib/lib/python3.8/site-packages/uf_ros_lib/substitutions
[1.904s] copying /home/castrolab-agx-orin/Documents/Robotic-Assited_Pruning_of_Forest_Trees/uf_xarm6/ros_ws/build/uf_ros_lib/build/lib/uf_ros_lib/substitutions/joint_limits.py -> /home/castrolab-agx-orin/Documents/Robotic-Assited_Pruning_of_Forest_Trees/uf_xarm6/ros_ws/install/uf_ros_lib/lib/python3.8/site-packages/uf_ros_lib/substitutions
[1.904s] copying /home/castrolab-agx-orin/Documents/Robotic-Assited_Pruning_of_Forest_Trees/uf_xarm6/ros_ws/build/uf_ros_lib/build/lib/uf_ros_lib/substitutions/__init__.py -> /home/castrolab-agx-orin/Documents/Robotic-Assited_Pruning_of_Forest_Trees/uf_xarm6/ros_ws/install/uf_ros_lib/lib/python3.8/site-packages/uf_ros_lib/substitutions
[1.904s] copying /home/castrolab-agx-orin/Documents/Robotic-Assited_Pruning_of_Forest_Trees/uf_xarm6/ros_ws/build/uf_ros_lib/build/lib/uf_ros_lib/substitutions/common.py -> /home/castrolab-agx-orin/Documents/Robotic-Assited_Pruning_of_Forest_Trees/uf_xarm6/ros_ws/install/uf_ros_lib/lib/python3.8/site-packages/uf_ros_lib/substitutions
[1.905s] copying /home/castrolab-agx-orin/Documents/Robotic-Assited_Pruning_of_Forest_Trees/uf_xarm6/ros_ws/build/uf_ros_lib/build/lib/uf_ros_lib/substitutions/controllers.py -> /home/castrolab-agx-orin/Documents/Robotic-Assited_Pruning_of_Forest_Trees/uf_xarm6/ros_ws/install/uf_ros_lib/lib/python3.8/site-packages/uf_ros_lib/substitutions
[1.905s] copying /home/castrolab-agx-orin/Documents/Robotic-Assited_Pruning_of_Forest_Trees/uf_xarm6/ros_ws/build/uf_ros_lib/build/lib/uf_ros_lib/substitutions/kinematics.py -> /home/castrolab-agx-orin/Documents/Robotic-Assited_Pruning_of_Forest_Trees/uf_xarm6/ros_ws/install/uf_ros_lib/lib/python3.8/site-packages/uf_ros_lib/substitutions
[1.905s] copying /home/castrolab-agx-orin/Documents/Robotic-Assited_Pruning_of_Forest_Trees/uf_xarm6/ros_ws/build/uf_ros_lib/build/lib/uf_ros_lib/substitutions/planning_pipelines.py -> /home/castrolab-agx-orin/Documents/Robotic-Assited_Pruning_of_Forest_Trees/uf_xarm6/ros_ws/install/uf_ros_lib/lib/python3.8/site-packages/uf_ros_lib/substitutions
[1.905s] copying /home/castrolab-agx-orin/Documents/Robotic-Assited_Pruning_of_Forest_Trees/uf_xarm6/ros_ws/build/uf_ros_lib/build/lib/uf_ros_lib/moveit_configs_builder.py -> /home/castrolab-agx-orin/Documents/Robotic-Assited_Pruning_of_Forest_Trees/uf_xarm6/ros_ws/install/uf_ros_lib/lib/python3.8/site-packages/uf_ros_lib
[1.906s] byte-compiling /home/castrolab-agx-orin/Documents/Robotic-Assited_Pruning_of_Forest_Trees/uf_xarm6/ros_ws/install/uf_ros_lib/lib/python3.8/site-packages/uf_ros_lib/uf_robot_utils.py to uf_robot_utils.cpython-38.pyc
[1.913s] byte-compiling /home/castrolab-agx-orin/Documents/Robotic-Assited_Pruning_of_Forest_Trees/uf_xarm6/ros_ws/install/uf_ros_lib/lib/python3.8/site-packages/uf_ros_lib/__init__.py to __init__.cpython-38.pyc
[1.913s] byte-compiling /home/castrolab-agx-orin/Documents/Robotic-Assited_Pruning_of_Forest_Trees/uf_xarm6/ros_ws/install/uf_ros_lib/lib/python3.8/site-packages/uf_ros_lib/parameter_descriptions.py to parameter_descriptions.cpython-38.pyc
[1.913s] byte-compiling /home/castrolab-agx-orin/Documents/Robotic-Assited_Pruning_of_Forest_Trees/uf_xarm6/ros_ws/install/uf_ros_lib/lib/python3.8/site-packages/uf_ros_lib/substitutions/joint_limits.py to joint_limits.cpython-38.pyc
[1.915s] byte-compiling /home/castrolab-agx-orin/Documents/Robotic-Assited_Pruning_of_Forest_Trees/uf_xarm6/ros_ws/install/uf_ros_lib/lib/python3.8/site-packages/uf_ros_lib/substitutions/__init__.py to __init__.cpython-38.pyc
[1.915s] byte-compiling /home/castrolab-agx-orin/Documents/Robotic-Assited_Pruning_of_Forest_Trees/uf_xarm6/ros_ws/install/uf_ros_lib/lib/python3.8/site-packages/uf_ros_lib/substitutions/common.py to common.cpython-38.pyc
[1.917s] byte-compiling /home/castrolab-agx-orin/Documents/Robotic-Assited_Pruning_of_Forest_Trees/uf_xarm6/ros_ws/install/uf_ros_lib/lib/python3.8/site-packages/uf_ros_lib/substitutions/controllers.py to controllers.cpython-38.pyc
[1.919s] byte-compiling /home/castrolab-agx-orin/Documents/Robotic-Assited_Pruning_of_Forest_Trees/uf_xarm6/ros_ws/install/uf_ros_lib/lib/python3.8/site-packages/uf_ros_lib/substitutions/kinematics.py to kinematics.cpython-38.pyc
[1.921s] byte-compiling /home/castrolab-agx-orin/Documents/Robotic-Assited_Pruning_of_Forest_Trees/uf_xarm6/ros_ws/install/uf_ros_lib/lib/python3.8/site-packages/uf_ros_lib/substitutions/planning_pipelines.py to planning_pipelines.cpython-38.pyc
[1.923s] byte-compiling /home/castrolab-agx-orin/Documents/Robotic-Assited_Pruning_of_Forest_Trees/uf_xarm6/ros_ws/install/uf_ros_lib/lib/python3.8/site-packages/uf_ros_lib/moveit_configs_builder.py to moveit_configs_builder.cpython-38.pyc
[1.938s] running install_data
[1.938s] creating /home/castrolab-agx-orin/Documents/Robotic-Assited_Pruning_of_Forest_Trees/uf_xarm6/ros_ws/install/uf_ros_lib/share/ament_index
[1.938s] creating /home/castrolab-agx-orin/Documents/Robotic-Assited_Pruning_of_Forest_Trees/uf_xarm6/ros_ws/install/uf_ros_lib/share/ament_index/resource_index
[1.938s] creating /home/castrolab-agx-orin/Documents/Robotic-Assited_Pruning_of_Forest_Trees/uf_xarm6/ros_ws/install/uf_ros_lib/share/ament_index/resource_index/packages
[1.938s] copying resource/uf_ros_lib -> /home/castrolab-agx-orin/Documents/Robotic-Assited_Pruning_of_Forest_Trees/uf_xarm6/ros_ws/install/uf_ros_lib/share/ament_index/resource_index/packages
[1.938s] copying package.xml -> /home/castrolab-agx-orin/Documents/Robotic-Assited_Pruning_of_Forest_Trees/uf_xarm6/ros_ws/install/uf_ros_lib/share/uf_ros_lib
[1.939s] running install_egg_info
[1.942s] Copying ../../build/uf_ros_lib/uf_ros_lib.egg-info to /home/castrolab-agx-orin/Documents/Robotic-Assited_Pruning_of_Forest_Trees/uf_xarm6/ros_ws/install/uf_ros_lib/lib/python3.8/site-packages/uf_ros_lib-0.0.0-py3.8.egg-info
[1.944s] running install_scripts
[1.978s] writing list of installed files to '/home/castrolab-agx-orin/Documents/Robotic-Assited_Pruning_of_Forest_Trees/uf_xarm6/ros_ws/build/uf_ros_lib/install.log'
