[0.026s] Invoking command in '/home/castrolab-agx-orin/Documents/Robotic-Assited_Pruning_of_Forest_Trees/uf_xarm6/ros_ws/build/xarm_api': AMENT_PREFIX_PATH=/home/castrolab-agx-orin/Documents/Robotic-Assited_Pruning_of_Forest_Trees/uf_xarm6/ros_ws/install/xarm_sdk:/home/castrolab-agx-orin/Documents/Robotic-Assited_Pruning_of_Forest_Trees/uf_xarm6/ros_ws/install/xarm_msgs:/home/castrolab-agx-orin/Documents/Robotic-Assited_Pruning_of_Forest_Trees/uf_xarm6/ros_ws/install/xarm_description:${AMENT_PREFIX_PATH} CMAKE_PREFIX_PATH=/home/castrolab-agx-orin/Documents/Robotic-Assited_Pruning_of_Forest_Trees/uf_xarm6/ros_ws/install/xarm_sdk:/home/castrolab-agx-orin/Documents/Robotic-Assited_Pruning_of_Forest_Trees/uf_xarm6/ros_ws/install/xarm_msgs:/home/castrolab-agx-orin/Documents/Robotic-Assited_Pruning_of_Forest_Trees/uf_xarm6/ros_ws/install/xarm_description:/opt/ros/foxy LD_LIBRARY_PATH=/home/castrolab-agx-orin/Documents/Robotic-Assited_Pruning_of_Forest_Trees/uf_xarm6/ros_ws/install/xarm_sdk/lib:/home/castrolab-agx-orin/Documents/Robotic-Assited_Pruning_of_Forest_Trees/uf_xarm6/ros_ws/install/xarm_msgs/lib:${LD_LIBRARY_PATH} PYTHONPATH=/home/castrolab-agx-orin/Documents/Robotic-Assited_Pruning_of_Forest_Trees/uf_xarm6/ros_ws/install/xarm_msgs/lib/python3.8/site-packages:${PYTHONPATH} /usr/bin/cmake --build /home/castrolab-agx-orin/Documents/Robotic-Assited_Pruning_of_Forest_Trees/uf_xarm6/ros_ws/build/xarm_api -- -j8 -l8
[0.159s] [ 30%] Built target xarm_ros_client
[0.159s] [ 30%] Built target test_robot_states
[0.171s] [ 53%] Built target xarm_ros_driver
[0.231s] [ 84%] Built target test_xarm_velo_move
[0.231s] [ 84%] Built target test_xarm_ros_client
[0.252s] [100%] Built target xarm_driver_node
[0.276s] Invoked command in '/home/castrolab-agx-orin/Documents/Robotic-Assited_Pruning_of_Forest_Trees/uf_xarm6/ros_ws/build/xarm_api' returned '0': AMENT_PREFIX_PATH=/home/castrolab-agx-orin/Documents/Robotic-Assited_Pruning_of_Forest_Trees/uf_xarm6/ros_ws/install/xarm_sdk:/home/castrolab-agx-orin/Documents/Robotic-Assited_Pruning_of_Forest_Trees/uf_xarm6/ros_ws/install/xarm_msgs:/home/castrolab-agx-orin/Documents/Robotic-Assited_Pruning_of_Forest_Trees/uf_xarm6/ros_ws/install/xarm_description:${AMENT_PREFIX_PATH} CMAKE_PREFIX_PATH=/home/castrolab-agx-orin/Documents/Robotic-Assited_Pruning_of_Forest_Trees/uf_xarm6/ros_ws/install/xarm_sdk:/home/castrolab-agx-orin/Documents/Robotic-Assited_Pruning_of_Forest_Trees/uf_xarm6/ros_ws/install/xarm_msgs:/home/castrolab-agx-orin/Documents/Robotic-Assited_Pruning_of_Forest_Trees/uf_xarm6/ros_ws/install/xarm_description:/opt/ros/foxy LD_LIBRARY_PATH=/home/castrolab-agx-orin/Documents/Robotic-Assited_Pruning_of_Forest_Trees/uf_xarm6/ros_ws/install/xarm_sdk/lib:/home/castrolab-agx-orin/Documents/Robotic-Assited_Pruning_of_Forest_Trees/uf_xarm6/ros_ws/install/xarm_msgs/lib:${LD_LIBRARY_PATH} PYTHONPATH=/home/castrolab-agx-orin/Documents/Robotic-Assited_Pruning_of_Forest_Trees/uf_xarm6/ros_ws/install/xarm_msgs/lib/python3.8/site-packages:${PYTHONPATH} /usr/bin/cmake --build /home/castrolab-agx-orin/Documents/Robotic-Assited_Pruning_of_Forest_Trees/uf_xarm6/ros_ws/build/xarm_api -- -j8 -l8
[0.282s] Invoking command in '/home/castrolab-agx-orin/Documents/Robotic-Assited_Pruning_of_Forest_Trees/uf_xarm6/ros_ws/build/xarm_api': AMENT_PREFIX_PATH=/home/castrolab-agx-orin/Documents/Robotic-Assited_Pruning_of_Forest_Trees/uf_xarm6/ros_ws/install/xarm_sdk:/home/castrolab-agx-orin/Documents/Robotic-Assited_Pruning_of_Forest_Trees/uf_xarm6/ros_ws/install/xarm_msgs:/home/castrolab-agx-orin/Documents/Robotic-Assited_Pruning_of_Forest_Trees/uf_xarm6/ros_ws/install/xarm_description:${AMENT_PREFIX_PATH} CMAKE_PREFIX_PATH=/home/castrolab-agx-orin/Documents/Robotic-Assited_Pruning_of_Forest_Trees/uf_xarm6/ros_ws/install/xarm_sdk:/home/castrolab-agx-orin/Documents/Robotic-Assited_Pruning_of_Forest_Trees/uf_xarm6/ros_ws/install/xarm_msgs:/home/castrolab-agx-orin/Documents/Robotic-Assited_Pruning_of_Forest_Trees/uf_xarm6/ros_ws/install/xarm_description:/opt/ros/foxy LD_LIBRARY_PATH=/home/castrolab-agx-orin/Documents/Robotic-Assited_Pruning_of_Forest_Trees/uf_xarm6/ros_ws/install/xarm_sdk/lib:/home/castrolab-agx-orin/Documents/Robotic-Assited_Pruning_of_Forest_Trees/uf_xarm6/ros_ws/install/xarm_msgs/lib:${LD_LIBRARY_PATH} PYTHONPATH=/home/castrolab-agx-orin/Documents/Robotic-Assited_Pruning_of_Forest_Trees/uf_xarm6/ros_ws/install/xarm_msgs/lib/python3.8/site-packages:${PYTHONPATH} /usr/bin/cmake --install /home/castrolab-agx-orin/Documents/Robotic-Assited_Pruning_of_Forest_Trees/uf_xarm6/ros_ws/build/xarm_api
[0.302s] -- Install configuration: ""
[0.302s] -- Up-to-date: /home/castrolab-agx-orin/Documents/Robotic-Assited_Pruning_of_Forest_Trees/uf_xarm6/ros_ws/install/xarm_api/share/xarm_api/environment/library_path.sh
[0.302s] -- Up-to-date: /home/castrolab-agx-orin/Documents/Robotic-Assited_Pruning_of_Forest_Trees/uf_xarm6/ros_ws/install/xarm_api/share/xarm_api/environment/library_path.dsv
[0.302s] -- Up-to-date: /home/castrolab-agx-orin/Documents/Robotic-Assited_Pruning_of_Forest_Trees/uf_xarm6/ros_ws/install/xarm_api/include
[0.302s] -- Up-to-date: /home/castrolab-agx-orin/Documents/Robotic-Assited_Pruning_of_Forest_Trees/uf_xarm6/ros_ws/install/xarm_api/include/xarm_api
[0.302s] -- Up-to-date: /home/castrolab-agx-orin/Documents/Robotic-Assited_Pruning_of_Forest_Trees/uf_xarm6/ros_ws/install/xarm_api/include/xarm_api/xarm_ros_client.h
[0.303s] -- Up-to-date: /home/castrolab-agx-orin/Documents/Robotic-Assited_Pruning_of_Forest_Trees/uf_xarm6/ros_ws/install/xarm_api/include/xarm_api/xarm_msgs.h
[0.303s] -- Up-to-date: /home/castrolab-agx-orin/Documents/Robotic-Assited_Pruning_of_Forest_Trees/uf_xarm6/ros_ws/install/xarm_api/include/xarm_api/xarm_driver.h
[0.303s] -- Up-to-date: /home/castrolab-agx-orin/Documents/Robotic-Assited_Pruning_of_Forest_Trees/uf_xarm6/ros_ws/install/xarm_api/include/xarm_api/visibility_control.h
[0.303s] -- Up-to-date: /home/castrolab-agx-orin/Documents/Robotic-Assited_Pruning_of_Forest_Trees/uf_xarm6/ros_ws/install/xarm_api/lib/libxarm_ros_driver.so
[0.303s] -- Up-to-date: /home/castrolab-agx-orin/Documents/Robotic-Assited_Pruning_of_Forest_Trees/uf_xarm6/ros_ws/install/xarm_api/lib/libxarm_ros_client.so
[0.304s] -- Up-to-date: /home/castrolab-agx-orin/Documents/Robotic-Assited_Pruning_of_Forest_Trees/uf_xarm6/ros_ws/install/xarm_api/lib/xarm_api/xarm_driver_node
[0.304s] -- Up-to-date: /home/castrolab-agx-orin/Documents/Robotic-Assited_Pruning_of_Forest_Trees/uf_xarm6/ros_ws/install/xarm_api/lib/xarm_api/test_xarm_ros_client
[0.305s] -- Up-to-date: /home/castrolab-agx-orin/Documents/Robotic-Assited_Pruning_of_Forest_Trees/uf_xarm6/ros_ws/install/xarm_api/lib/xarm_api/test_xarm_velo_move
[0.305s] -- Up-to-date: /home/castrolab-agx-orin/Documents/Robotic-Assited_Pruning_of_Forest_Trees/uf_xarm6/ros_ws/install/xarm_api/lib/xarm_api/test_robot_states
[0.305s] -- Up-to-date: /home/castrolab-agx-orin/Documents/Robotic-Assited_Pruning_of_Forest_Trees/uf_xarm6/ros_ws/install/xarm_api/share/xarm_api//launch
[0.306s] -- Up-to-date: /home/castrolab-agx-orin/Documents/Robotic-Assited_Pruning_of_Forest_Trees/uf_xarm6/ros_ws/install/xarm_api/share/xarm_api//launch/_robot_driver.launch.py
[0.306s] -- Up-to-date: /home/castrolab-agx-orin/Documents/Robotic-Assited_Pruning_of_Forest_Trees/uf_xarm6/ros_ws/install/xarm_api/share/xarm_api//launch/lib
[0.306s] -- Up-to-date: /home/castrolab-agx-orin/Documents/Robotic-Assited_Pruning_of_Forest_Trees/uf_xarm6/ros_ws/install/xarm_api/share/xarm_api//launch/lib/robot_api_lib.py
[0.306s] -- Up-to-date: /home/castrolab-agx-orin/Documents/Robotic-Assited_Pruning_of_Forest_Trees/uf_xarm6/ros_ws/install/xarm_api/share/xarm_api//launch/xarm6_driver.launch.py
[0.306s] -- Up-to-date: /home/castrolab-agx-orin/Documents/Robotic-Assited_Pruning_of_Forest_Trees/uf_xarm6/ros_ws/install/xarm_api/share/xarm_api//config
[0.306s] -- Up-to-date: /home/castrolab-agx-orin/Documents/Robotic-Assited_Pruning_of_Forest_Trees/uf_xarm6/ros_ws/install/xarm_api/share/xarm_api//config/xarm_params.yaml
[0.306s] -- Up-to-date: /home/castrolab-agx-orin/Documents/Robotic-Assited_Pruning_of_Forest_Trees/uf_xarm6/ros_ws/install/xarm_api/share/ament_index/resource_index/package_run_dependencies/xarm_api
[0.307s] -- Up-to-date: /home/castrolab-agx-orin/Documents/Robotic-Assited_Pruning_of_Forest_Trees/uf_xarm6/ros_ws/install/xarm_api/share/ament_index/resource_index/parent_prefix_path/xarm_api
[0.307s] -- Up-to-date: /home/castrolab-agx-orin/Documents/Robotic-Assited_Pruning_of_Forest_Trees/uf_xarm6/ros_ws/install/xarm_api/share/xarm_api/environment/ament_prefix_path.sh
[0.307s] -- Up-to-date: /home/castrolab-agx-orin/Documents/Robotic-Assited_Pruning_of_Forest_Trees/uf_xarm6/ros_ws/install/xarm_api/share/xarm_api/environment/ament_prefix_path.dsv
[0.307s] -- Up-to-date: /home/castrolab-agx-orin/Documents/Robotic-Assited_Pruning_of_Forest_Trees/uf_xarm6/ros_ws/install/xarm_api/share/xarm_api/environment/path.sh
[0.307s] -- Up-to-date: /home/castrolab-agx-orin/Documents/Robotic-Assited_Pruning_of_Forest_Trees/uf_xarm6/ros_ws/install/xarm_api/share/xarm_api/environment/path.dsv
[0.307s] -- Up-to-date: /home/castrolab-agx-orin/Documents/Robotic-Assited_Pruning_of_Forest_Trees/uf_xarm6/ros_ws/install/xarm_api/share/xarm_api/local_setup.bash
[0.307s] -- Up-to-date: /home/castrolab-agx-orin/Documents/Robotic-Assited_Pruning_of_Forest_Trees/uf_xarm6/ros_ws/install/xarm_api/share/xarm_api/local_setup.sh
[0.308s] -- Up-to-date: /home/castrolab-agx-orin/Documents/Robotic-Assited_Pruning_of_Forest_Trees/uf_xarm6/ros_ws/install/xarm_api/share/xarm_api/local_setup.zsh
[0.308s] -- Up-to-date: /home/castrolab-agx-orin/Documents/Robotic-Assited_Pruning_of_Forest_Trees/uf_xarm6/ros_ws/install/xarm_api/share/xarm_api/local_setup.dsv
[0.308s] -- Installing: /home/castrolab-agx-orin/Documents/Robotic-Assited_Pruning_of_Forest_Trees/uf_xarm6/ros_ws/install/xarm_api/share/xarm_api/package.dsv
[0.308s] -- Up-to-date: /home/castrolab-agx-orin/Documents/Robotic-Assited_Pruning_of_Forest_Trees/uf_xarm6/ros_ws/install/xarm_api/share/ament_index/resource_index/packages/xarm_api
[0.308s] -- Up-to-date: /home/castrolab-agx-orin/Documents/Robotic-Assited_Pruning_of_Forest_Trees/uf_xarm6/ros_ws/install/xarm_api/share/xarm_api/cmake/ament_cmake_export_libraries-extras.cmake
[0.308s] -- Up-to-date: /home/castrolab-agx-orin/Documents/Robotic-Assited_Pruning_of_Forest_Trees/uf_xarm6/ros_ws/install/xarm_api/share/xarm_api/cmake/ament_cmake_export_include_directories-extras.cmake
[0.308s] -- Up-to-date: /home/castrolab-agx-orin/Documents/Robotic-Assited_Pruning_of_Forest_Trees/uf_xarm6/ros_ws/install/xarm_api/share/xarm_api/cmake/xarm_apiConfig.cmake
[0.308s] -- Up-to-date: /home/castrolab-agx-orin/Documents/Robotic-Assited_Pruning_of_Forest_Trees/uf_xarm6/ros_ws/install/xarm_api/share/xarm_api/cmake/xarm_apiConfig-version.cmake
[0.308s] -- Up-to-date: /home/castrolab-agx-orin/Documents/Robotic-Assited_Pruning_of_Forest_Trees/uf_xarm6/ros_ws/install/xarm_api/share/xarm_api/package.xml
[0.315s] Invoked command in '/home/castrolab-agx-orin/Documents/Robotic-Assited_Pruning_of_Forest_Trees/uf_xarm6/ros_ws/build/xarm_api' returned '0': AMENT_PREFIX_PATH=/home/castrolab-agx-orin/Documents/Robotic-Assited_Pruning_of_Forest_Trees/uf_xarm6/ros_ws/install/xarm_sdk:/home/castrolab-agx-orin/Documents/Robotic-Assited_Pruning_of_Forest_Trees/uf_xarm6/ros_ws/install/xarm_msgs:/home/castrolab-agx-orin/Documents/Robotic-Assited_Pruning_of_Forest_Trees/uf_xarm6/ros_ws/install/xarm_description:${AMENT_PREFIX_PATH} CMAKE_PREFIX_PATH=/home/castrolab-agx-orin/Documents/Robotic-Assited_Pruning_of_Forest_Trees/uf_xarm6/ros_ws/install/xarm_sdk:/home/castrolab-agx-orin/Documents/Robotic-Assited_Pruning_of_Forest_Trees/uf_xarm6/ros_ws/install/xarm_msgs:/home/castrolab-agx-orin/Documents/Robotic-Assited_Pruning_of_Forest_Trees/uf_xarm6/ros_ws/install/xarm_description:/opt/ros/foxy LD_LIBRARY_PATH=/home/castrolab-agx-orin/Documents/Robotic-Assited_Pruning_of_Forest_Trees/uf_xarm6/ros_ws/install/xarm_sdk/lib:/home/castrolab-agx-orin/Documents/Robotic-Assited_Pruning_of_Forest_Trees/uf_xarm6/ros_ws/install/xarm_msgs/lib:${LD_LIBRARY_PATH} PYTHONPATH=/home/castrolab-agx-orin/Documents/Robotic-Assited_Pruning_of_Forest_Trees/uf_xarm6/ros_ws/install/xarm_msgs/lib/python3.8/site-packages:${PYTHONPATH} /usr/bin/cmake --install /home/castrolab-agx-orin/Documents/Robotic-Assited_Pruning_of_Forest_Trees/uf_xarm6/ros_ws/build/xarm_api
