[1.353s] Invoking command in '/home/castrolab-agx-orin/Documents/Robotic-Assited_Pruning_of_Forest_Trees/uf_xarm6/ros_ws/src/uf_ros_lib': PYTHONPATH=/home/castrolab-agx-orin/Documents/Robotic-Assited_Pruning_of_Forest_Trees/uf_xarm6/ros_ws/build/uf_ros_lib/prefix_override:/usr/lib/python3/dist-packages/colcon_core/task/python/colcon_distutils_commands:/home/castrolab-agx-orin/Documents/Robotic-Assited_Pruning_of_Forest_Trees/uf_xarm6/ros_ws/install/uf_ros_lib/lib/python3.8/site-packages:${PYTHONPATH} /usr/bin/python3 -W ignore:setup.py install is deprecated -W ignore:easy_install command is deprecated setup.py egg_info --egg-base ../../build/uf_ros_lib build --build-base /home/castrolab-agx-orin/Documents/Robotic-Assited_Pruning_of_Forest_Trees/uf_xarm6/ros_ws/build/uf_ros_lib/build install --record /home/castrolab-agx-orin/Documents/Robotic-Assited_Pruning_of_Forest_Trees/uf_xarm6/ros_ws/build/uf_ros_lib/install.log --install-scripts $base/lib/uf_ros_lib --single-version-externally-managed install_data
[1.736s] running egg_info
[1.737s] writing ../../build/uf_ros_lib/uf_ros_lib.egg-info/PKG-INFO
[1.738s] writing dependency_links to ../../build/uf_ros_lib/uf_ros_lib.egg-info/dependency_links.txt
[1.738s] writing entry points to ../../build/uf_ros_lib/uf_ros_lib.egg-info/entry_points.txt
[1.739s] writing requirements to ../../build/uf_ros_lib/uf_ros_lib.egg-info/requires.txt
[1.741s] writing top-level names to ../../build/uf_ros_lib/uf_ros_lib.egg-info/top_level.txt
[1.799s] reading manifest file '../../build/uf_ros_lib/uf_ros_lib.egg-info/SOURCES.txt'
[1.801s] writing manifest file '../../build/uf_ros_lib/uf_ros_lib.egg-info/SOURCES.txt'
[1.801s] running build
[1.801s] running build_py
[1.805s] running install
[1.808s] running install_lib
[1.812s] running install_data
[1.812s] running install_egg_info
[1.815s] removing '/home/castrolab-agx-orin/Documents/Robotic-Assited_Pruning_of_Forest_Trees/uf_xarm6/ros_ws/install/uf_ros_lib/lib/python3.8/site-packages/uf_ros_lib-0.0.0-py3.8.egg-info' (and everything under it)
[1.816s] Copying ../../build/uf_ros_lib/uf_ros_lib.egg-info to /home/castrolab-agx-orin/Documents/Robotic-Assited_Pruning_of_Forest_Trees/uf_xarm6/ros_ws/install/uf_ros_lib/lib/python3.8/site-packages/uf_ros_lib-0.0.0-py3.8.egg-info
[1.817s] running install_scripts
[1.850s] writing list of installed files to '/home/castrolab-agx-orin/Documents/Robotic-Assited_Pruning_of_Forest_Trees/uf_xarm6/ros_ws/build/uf_ros_lib/install.log'
[1.912s] Invoked command in '/home/castrolab-agx-orin/Documents/Robotic-Assited_Pruning_of_Forest_Trees/uf_xarm6/ros_ws/src/uf_ros_lib' returned '0': PYTHONPATH=/home/castrolab-agx-orin/Documents/Robotic-Assited_Pruning_of_Forest_Trees/uf_xarm6/ros_ws/build/uf_ros_lib/prefix_override:/usr/lib/python3/dist-packages/colcon_core/task/python/colcon_distutils_commands:/home/castrolab-agx-orin/Documents/Robotic-Assited_Pruning_of_Forest_Trees/uf_xarm6/ros_ws/install/uf_ros_lib/lib/python3.8/site-packages:${PYTHONPATH} /usr/bin/python3 -W ignore:setup.py install is deprecated -W ignore:easy_install command is deprecated setup.py egg_info --egg-base ../../build/uf_ros_lib build --build-base /home/castrolab-agx-orin/Documents/Robotic-Assited_Pruning_of_Forest_Trees/uf_xarm6/ros_ws/build/uf_ros_lib/build install --record /home/castrolab-agx-orin/Documents/Robotic-Assited_Pruning_of_Forest_Trees/uf_xarm6/ros_ws/build/uf_ros_lib/install.log --install-scripts $base/lib/uf_ros_lib --single-version-externally-managed install_data
